<?xml version="1.0" encoding="UTF-8"?>
<testsuite xmlns:xsi="http://www.w3.org/2001/XMLSchema-instance" xsi:noNamespaceSchemaLocation="https://maven.apache.org/surefire/maven-surefire-plugin/xsd/surefire-test-report-3.0.xsd" version="3.0" name="com.tongji.microservice.teamsphere.TeamsphereGatewayApplicationTests" time="8.134" tests="1" errors="0" skipped="0" failures="0">
  <properties>
[...]
</properties>
  <testcase name="contextLoads" classname="com.tongji.microservice.teamsphere.TeamsphereGatewayApplicationTests" time="0.463">
    <system-out><![CDATA[2024-06-01T01:46:06.073+08:00  INFO 34916 --- [           main] d.s.b.c.e.WelcomeLogoApplicationListener :  [DUBBO] 

 :: Dubbo (v3.2.9) : https://github.com/apache/dubbo
 :: Discuss group : dev@dubbo.apache.org
, dubbo version: 3.2.9, current host: 192.168.220.1

  .   ____          _            __ _ _
 /\\ / ___'_ __ _ _(_)_ __  __ _ \ \ \ \
( ( )\___ | '_ | '_| | '_ \/ _` | \ \ \ \
 \\/  ___)| |_)| | | | | || (_| |  ) ) ) )
  '  |____| .__|_| |_|_| |_\__, | / / / /
 =========|_|==============|___/=/_/_/_/
 :: Spring Boot ::                (v3.1.2)

2024-06-01T01:46:06.113+08:00  INFO 34916 --- [           main] .t.m.t.TeamsphereGatewayApplicationTests : Starting TeamsphereGatewayApplicationTests using Java 17.0.11 with PID 34916 (started by l in D:\Files\Code\CoursesProjects\SoftwareTestPlatform\test-targets\Microservices\teamsphere-gateway)
2024-06-01T01:46:06.113+08:00  INFO 34916 --- [           main] .t.m.t.TeamsphereGatewayApplicationTests : No active profile set, falling back to 1 default profile: "default"
2024-06-01T01:46:06.537+08:00  INFO 34916 --- [           main] o.apache.dubbo.rpc.model.FrameworkModel  :  [DUBBO] Dubbo Framework[1] is created, dubbo version: 3.2.9, current host: 192.168.220.1
2024-06-01T01:46:06.553+08:00  INFO 34916 --- [           main] o.a.d.c.r.GlobalResourcesRepository      :  [DUBBO] Creating global shared handler ..., dubbo version: 3.2.9, current host: 192.168.220.1
2024-06-01T01:46:06.644+08:00  INFO 34916 --- [           main] o.a.dubbo.rpc.model.ApplicationModel     :  [DUBBO] Dubbo Application[1.0](unknown) is created, dubbo version: 3.2.9, current host: 192.168.220.1
2024-06-01T01:46:06.645+08:00  INFO 34916 --- [           main] org.apache.dubbo.rpc.model.ScopeModel    :  [DUBBO] Dubbo Module[1.0.0] is created, dubbo version: 3.2.9, current host: 192.168.220.1
2024-06-01T01:46:06.685+08:00  INFO 34916 --- [           main] o.a.d.c.context.AbstractConfigManager    :  [DUBBO] Config settings: {dubbo.config.mode=STRICT, dubbo.config.ignore-duplicated-interface=false}, dubbo version: 3.2.9, current host: 192.168.220.1
2024-06-01T01:46:06.685+08:00  INFO 34916 --- [           main] o.a.d.c.context.AbstractConfigManager    :  [DUBBO] Config settings: {dubbo.config.mode=STRICT, dubbo.config.ignore-duplicated-interface=false}, dubbo version: 3.2.9, current host: 192.168.220.1
2024-06-01T01:46:06.692+08:00  INFO 34916 --- [           main] o.a.d.c.utils.SerializeSecurityManager   :  [DUBBO] Serialize check serializable: true, dubbo version: 3.2.9, current host: 192.168.220.1
2024-06-01T01:46:06.693+08:00  INFO 34916 --- [           main] o.a.d.c.u.SerializeSecurityConfigurator  :  [DUBBO] Read serialize allow list from jar:file:/D:/Applications/Editors/TOOLS/apache-maven-3.9.6/repository/org/apache/dubbo/dubbo/3.2.9/dubbo-3.2.9.jar!/security/serialize.allowlist, dubbo version: 3.2.9, current host: 192.168.220.1
2024-06-01T01:46:06.707+08:00  INFO 34916 --- [           main] o.a.d.c.u.SerializeSecurityConfigurator  :  [DUBBO] Read serialize blocked list from jar:file:/D:/Applications/Editors/TOOLS/apache-maven-3.9.6/repository/org/apache/dubbo/dubbo/3.2.9/dubbo-3.2.9.jar!/security/serialize.blockedlist, dubbo version: 3.2.9, current host: 192.168.220.1
2024-06-01T01:46:06.812+08:00  INFO 34916 --- [           main] o.a.dubbo.rpc.model.ApplicationModel     :  [DUBBO] Dubbo Application[1.1](unknown) is created, dubbo version: 3.2.9, current host: 192.168.220.1
2024-06-01T01:46:06.812+08:00  INFO 34916 --- [           main] org.apache.dubbo.rpc.model.ScopeModel    :  [DUBBO] Dubbo Module[1.1.0] is created, dubbo version: 3.2.9, current host: 192.168.220.1
2024-06-01T01:46:06.817+08:00  INFO 34916 --- [           main] o.a.d.c.context.AbstractConfigManager    :  [DUBBO] Config settings: {dubbo.config.mode=STRICT, dubbo.config.ignore-duplicated-interface=false}, dubbo version: 3.2.9, current host: 192.168.220.1
2024-06-01T01:46:06.817+08:00  INFO 34916 --- [           main] o.a.d.c.context.AbstractConfigManager    :  [DUBBO] Config settings: {dubbo.config.mode=STRICT, dubbo.config.ignore-duplicated-interface=false}, dubbo version: 3.2.9, current host: 192.168.220.1
2024-06-01T01:46:06.819+08:00  INFO 34916 --- [           main] o.a.d.c.u.SerializeSecurityConfigurator  :  [DUBBO] Read serialize allow list from jar:file:/D:/Applications/Editors/TOOLS/apache-maven-3.9.6/repository/org/apache/dubbo/dubbo/3.2.9/dubbo-3.2.9.jar!/security/serialize.allowlist, dubbo version: 3.2.9, current host: 192.168.220.1
2024-06-01T01:46:06.819+08:00  INFO 34916 --- [           main] o.a.d.c.u.SerializeSecurityConfigurator  :  [DUBBO] Read serialize blocked list from jar:file:/D:/Applications/Editors/TOOLS/apache-maven-3.9.6/repository/org/apache/dubbo/dubbo/3.2.9/dubbo-3.2.9.jar!/security/serialize.blockedlist, dubbo version: 3.2.9, current host: 192.168.220.1
2024-06-01T01:46:06.825+08:00  INFO 34916 --- [           main] o.a.d.c.s.c.DubboSpringInitializer       :  [DUBBO] Use default application: Dubbo Application[1.1](unknown), dubbo version: 3.2.9, current host: 192.168.220.1
2024-06-01T01:46:06.825+08:00  INFO 34916 --- [           main] org.apache.dubbo.rpc.model.ScopeModel    :  [DUBBO] Dubbo Module[1.1.1] is created, dubbo version: 3.2.9, current host: 192.168.220.1
2024-06-01T01:46:06.830+08:00  INFO 34916 --- [           main] o.a.d.c.context.AbstractConfigManager    :  [DUBBO] Config settings: {dubbo.config.mode=STRICT, dubbo.config.ignore-duplicated-interface=false}, dubbo version: 3.2.9, current host: 192.168.220.1
2024-06-01T01:46:06.831+08:00  INFO 34916 --- [           main] o.a.d.c.u.SerializeSecurityConfigurator  :  [DUBBO] Read serialize allow list from jar:file:/D:/Applications/Editors/TOOLS/apache-maven-3.9.6/repository/org/apache/dubbo/dubbo/3.2.9/dubbo-3.2.9.jar!/security/serialize.allowlist, dubbo version: 3.2.9, current host: 192.168.220.1
2024-06-01T01:46:06.832+08:00  INFO 34916 --- [           main] o.a.d.c.u.SerializeSecurityConfigurator  :  [DUBBO] Read serialize blocked list from jar:file:/D:/Applications/Editors/TOOLS/apache-maven-3.9.6/repository/org/apache/dubbo/dubbo/3.2.9/dubbo-3.2.9.jar!/security/serialize.blockedlist, dubbo version: 3.2.9, current host: 192.168.220.1
2024-06-01T01:46:06.833+08:00  INFO 34916 --- [           main] o.a.d.c.s.c.DubboSpringInitializer       :  [DUBBO] Use default module model of target application: Dubbo Module[1.1.1], dubbo version: 3.2.9, current host: 192.168.220.1
2024-06-01T01:46:06.833+08:00  INFO 34916 --- [           main] o.a.d.c.s.c.DubboSpringInitializer       :  [DUBBO] Bind Dubbo Module[1.1.1] to spring container: org.springframework.beans.factory.support.DefaultListableBeanFactory@29fc1a2b, dubbo version: 3.2.9, current host: 192.168.220.1
2024-06-01T01:46:07.052+08:00  INFO 34916 --- [           main] c.s.b.f.a.ServiceAnnotationPostProcessor :  [DUBBO] BeanNameGenerator bean can't be found in BeanFactory with name [org.springframework.context.annotation.internalConfigurationBeanNameGenerator], dubbo version: 3.2.9, current host: 192.168.220.1
2024-06-01T01:46:07.053+08:00  INFO 34916 --- [           main] c.s.b.f.a.ServiceAnnotationPostProcessor :  [DUBBO] BeanNameGenerator will be a instance of org.springframework.context.annotation.AnnotationBeanNameGenerator , it maybe a potential problem on bean name generation., dubbo version: 3.2.9, current host: 192.168.220.1
2024-06-01T01:46:07.056+08:00  WARN 34916 --- [           main] c.s.b.f.a.ServiceAnnotationPostProcessor :  [DUBBO] No class annotated by Dubbo @DubboService or @Service was found under package [com.tongji.microservice.teamsphere.gatewayservice], ignore re-scanned classes: 0, dubbo version: 3.2.9, current host: 192.168.220.1, error code: 5-28. This may be caused by No annotations were found on the class, go to https://dubbo.apache.org/faq/5/28 to find instructions. 
2024-06-01T01:46:07.218+08:00  INFO 34916 --- [           main] f.a.ReferenceAnnotationBeanPostProcessor :  [DUBBO] Register dubbo reference bean: chatService = ReferenceBean:com.tongji.microservice.teamsphere.dubbo.api.ChatService(check=false) at private com.tongji.microservice.teamsphere.dubbo.api.ChatService com.tongji.microservice.teamsphere.gatewayservice.controller.ChatController.chatService, dubbo version: 3.2.9, current host: 192.168.220.1
2024-06-01T01:46:07.226+08:00  INFO 34916 --- [           main] f.a.ReferenceAnnotationBeanPostProcessor :  [DUBBO] Register dubbo reference bean: fileService = ReferenceBean:com.tongji.microservice.teamsphere.dubbo.api.FileService(check=false) at private com.tongji.microservice.teamsphere.dubbo.api.FileService com.tongji.microservice.teamsphere.gatewayservice.controller.FileController.fileService, dubbo version: 3.2.9, current host: 192.168.220.1
2024-06-01T01:46:07.228+08:00  INFO 34916 --- [           main] f.a.ReferenceAnnotationBeanPostProcessor :  [DUBBO] Register dubbo reference bean: meetingService = ReferenceBean:com.tongji.microservice.teamsphere.dubbo.api.MeetingService(check=false) at private com.tongji.microservice.teamsphere.dubbo.api.MeetingService com.tongji.microservice.teamsphere.gatewayservice.controller.MeetingController.meetingService, dubbo version: 3.2.9, current host: 192.168.220.1
2024-06-01T01:46:07.236+08:00  INFO 34916 --- [           main] f.a.ReferenceAnnotationBeanPostProcessor :  [DUBBO] Register dubbo reference bean: projectService = ReferenceBean:com.tongji.microservice.teamsphere.dubbo.api.ProjectService(check=false) at private com.tongji.microservice.teamsphere.dubbo.api.ProjectService com.tongji.microservice.teamsphere.gatewayservice.controller.ProjectController.projectService, dubbo version: 3.2.9, current host: 192.168.220.1
2024-06-01T01:46:07.237+08:00  INFO 34916 --- [           main] f.a.ReferenceAnnotationBeanPostProcessor :  [DUBBO] Register dubbo reference bean: userService = ReferenceBean:com.tongji.microservice.teamsphere.dubbo.api.UserService(check=false) at private com.tongji.microservice.teamsphere.dubbo.api.UserService com.tongji.microservice.teamsphere.gatewayservice.controller.ProjectController.userService, dubbo version: 3.2.9, current host: 192.168.220.1
2024-06-01T01:46:07.239+08:00  INFO 34916 --- [           main] f.a.ReferenceAnnotationBeanPostProcessor :  [DUBBO] Register dubbo reference bean: scheduleService = ReferenceBean:com.tongji.microservice.teamsphere.dubbo.api.ScheduleService(check=false) at private com.tongji.microservice.teamsphere.dubbo.api.ScheduleService com.tongji.microservice.teamsphere.gatewayservice.controller.ScheduleController.scheduleService, dubbo version: 3.2.9, current host: 192.168.220.1
2024-06-01T01:46:07.244+08:00  INFO 34916 --- [           main] f.a.ReferenceAnnotationBeanPostProcessor :  [DUBBO] Register dubbo reference bean: taskService = ReferenceBean:com.tongji.microservice.teamsphere.dubbo.api.TaskService(check=false) at private com.tongji.microservice.teamsphere.dubbo.api.TaskService com.tongji.microservice.teamsphere.gatewayservice.controller.TaskController.taskService, dubbo version: 3.2.9, current host: 192.168.220.1
2024-06-01T01:46:07.479+08:00  INFO 34916 --- [           main] f.a.ReferenceAnnotationBeanPostProcessor :  [DUBBO] class org.apache.dubbo.config.spring.beans.factory.annotation.ReferenceAnnotationBeanPostProcessor was destroying!, dubbo version: 3.2.9, current host: 192.168.220.1
2024-06-01T01:46:07.518+08:00  INFO 34916 --- [           main] o.a.d.c.s.c.DubboConfigBeanInitializer   :  [DUBBO] loading dubbo config beans ..., dubbo version: 3.2.9, current host: 192.168.220.1
2024-06-01T01:46:07.521+08:00  INFO 34916 --- [           main] o.a.d.c.s.c.DubboConfigBeanInitializer   :  [DUBBO] dubbo config beans are loaded., dubbo version: 3.2.9, current host: 192.168.220.1
2024-06-01T01:46:07.590+08:00  INFO 34916 --- [           main] o.a.d.c.d.DefaultApplicationDeployer     :  [DUBBO] No value is configured in the registry, the DynamicConfigurationFactory extension[name : nacos] supports as the config center, dubbo version: 3.2.9, current host: 192.168.220.1
2024-06-01T01:46:07.591+08:00  INFO 34916 --- [           main] o.a.d.c.d.DefaultApplicationDeployer     :  [DUBBO] The registry[<dubbo:registry port="8848" address="nacos://127.0.0.1:8848" protocol="nacos" />] will be used as the config center, dubbo version: 3.2.9, current host: 192.168.220.1
2024-06-01T01:46:07.595+08:00  INFO 34916 --- [           main] o.a.d.c.d.DefaultApplicationDeployer     :  [DUBBO] use registry as config-center: <dubbo:config-center highestPriority="false" id="config-center-nacos-127.0.0.1-8848" address="nacos://127.0.0.1:8848" protocol="nacos" port="8848" parameters="{client=null}" />, dubbo version: 3.2.9, current host: 192.168.220.1
2024-06-01T01:46:07.628+08:00  WARN 34916 --- [           main] c.a.nacos.client.logging.NacosLogging    : Load Logback Configuration of Nacos fail, message: Could not initialize Logback Nacos logging from classpath:nacos-logback.xml
2024-06-01T01:46:07.630+08:00  INFO 34916 --- [           main] c.alibaba.nacos.client.utils.ParamUtil   : [settings] [req-serv] nacos-server port:8848
2024-06-01T01:46:07.630+08:00  INFO 34916 --- [           main] c.alibaba.nacos.client.utils.ParamUtil   : [settings] [http-client] connect timeout:1000
2024-06-01T01:46:07.631+08:00  INFO 34916 --- [           main] c.alibaba.nacos.client.utils.ParamUtil   : PER_TASK_CONFIG_SIZE: 3000.0
2024-06-01T01:46:07.687+08:00  INFO 34916 --- [           main] c.a.n.p.a.s.c.ClientAuthPluginManager    : [ClientAuthPluginManager] Load ClientAuthService com.alibaba.nacos.client.auth.impl.NacosClientAuthServiceImpl success.
2024-06-01T01:46:07.687+08:00  INFO 34916 --- [           main] c.a.n.p.a.s.c.ClientAuthPluginManager    : [ClientAuthPluginManager] Load ClientAuthService com.alibaba.nacos.client.auth.ram.RamClientAuthServiceImpl success.
2024-06-01T01:46:07.690+08:00  INFO 34916 --- [           main] c.a.n.c.a.r.identify.CredentialWatcher   : null No credential found
2024-06-01T01:46:07.695+08:00  INFO 34916 --- [           main] com.alibaba.nacos.common.remote.client   : [RpcClientFactory] create a new rpc client of 3a1f4535-c403-4d98-a91d-18b7a2bab9ae_config-0
2024-06-01T01:46:07.720+08:00  INFO 34916 --- [           main] com.alibaba.nacos.common.remote.client   : [3a1f4535-c403-4d98-a91d-18b7a2bab9ae_config-0] Register server push request handler:com.alibaba.nacos.client.config.impl.ClientWorker$ConfigRpcTransportClient$$Lambda$996/0x0000021101495418
2024-06-01T01:46:07.721+08:00  INFO 34916 --- [           main] com.alibaba.nacos.common.remote.client   : [3a1f4535-c403-4d98-a91d-18b7a2bab9ae_config-0] Register server push request handler:com.alibaba.nacos.client.config.impl.ClientWorker$ConfigRpcTransportClient$$Lambda$997/0x0000021101495838
2024-06-01T01:46:07.721+08:00  INFO 34916 --- [           main] com.alibaba.nacos.common.remote.client   : [3a1f4535-c403-4d98-a91d-18b7a2bab9ae_config-0] Registry connection listener to current client:com.alibaba.nacos.client.config.impl.ClientWorker$ConfigRpcTransportClient$1
2024-06-01T01:46:07.721+08:00  INFO 34916 --- [           main] com.alibaba.nacos.common.remote.client   : [3a1f4535-c403-4d98-a91d-18b7a2bab9ae_config-0] RpcClient init, ServerListFactory = com.alibaba.nacos.client.config.impl.ClientWorker$ConfigRpcTransportClient$2
2024-06-01T01:46:07.727+08:00  INFO 34916 --- [           main] com.alibaba.nacos.common.remote.client   : [3a1f4535-c403-4d98-a91d-18b7a2bab9ae_config-0] Try to connect to server on start up, server: {serverIp = '127.0.0.1', server main port = 8848}
2024-06-01T01:46:07.755+08:00  INFO 34916 --- [           main] c.a.n.c.remote.client.grpc.GrpcClient    : grpc client connection server:127.0.0.1 ip,serverPort:9848,grpcTslConfig:{"sslProvider":"OPENSSL","enableTls":false,"mutualAuthEnable":false,"trustAll":false}
2024-06-01T01:46:08.478+08:00  INFO 34916 --- [           main] com.alibaba.nacos.common.remote.client   : [3a1f4535-c403-4d98-a91d-18b7a2bab9ae_config-0] Success to connect to server [127.0.0.1:8848] on start up, connectionId = 1717177568308_127.0.0.1_50823
2024-06-01T01:46:08.480+08:00  INFO 34916 --- [t.remote.worker] com.alibaba.nacos.common.remote.client   : [3a1f4535-c403-4d98-a91d-18b7a2bab9ae_config-0] Notify connected event to listeners.
2024-06-01T01:46:08.480+08:00  INFO 34916 --- [t.remote.worker] c.a.n.client.config.impl.ClientWorker    : [3a1f4535-c403-4d98-a91d-18b7a2bab9ae_config-0] Connected,notify listen context...
2024-06-01T01:46:08.480+08:00  INFO 34916 --- [           main] com.alibaba.nacos.common.remote.client   : [3a1f4535-c403-4d98-a91d-18b7a2bab9ae_config-0] Register server push request handler:com.alibaba.nacos.common.remote.client.RpcClient$ConnectResetRequestHandler
2024-06-01T01:46:08.481+08:00  INFO 34916 --- [           main] com.alibaba.nacos.common.remote.client   : [3a1f4535-c403-4d98-a91d-18b7a2bab9ae_config-0] Register server push request handler:com.alibaba.nacos.common.remote.client.RpcClient$$Lambda$1013/0x000002110160cff0
2024-06-01T01:46:08.487+08:00  INFO 34916 --- [           main] c.a.n.c.c.impl.LocalConfigInfoProcessor  : LOCAL_SNAPSHOT_PATH:C:\Users\l\nacos\config
2024-06-01T01:46:08.532+08:00  INFO 34916 --- [           main] c.a.nacos.client.config.impl.Limiter     : limitTime:5.0
2024-06-01T01:46:08.548+08:00  INFO 34916 --- [           main] o.a.d.common.config.ConfigurationUtils   :  [DUBBO] Config center was specified, but no config item found., dubbo version: 3.2.9, current host: 192.168.220.1
2024-06-01T01:46:08.549+08:00  INFO 34916 --- [           main] o.a.d.common.config.ConfigurationUtils   :  [DUBBO] Config center was specified, but no config item found., dubbo version: 3.2.9, current host: 192.168.220.1
2024-06-01T01:46:08.568+08:00  INFO 34916 --- [           main] o.a.dubbo.config.context.ConfigManager   :  [DUBBO] The current configurations or effective configurations are as follows:, dubbo version: 3.2.9, current host: 192.168.220.1
2024-06-01T01:46:08.568+08:00  INFO 34916 --- [           main] o.a.dubbo.config.context.ConfigManager   :  [DUBBO] <dubbo:application enableFileCache="true" logger="slf4j" qosPort="22223" executorManagementMode="isolation" parameters="{}" name="gateway-service" protocol="dubbo" />, dubbo version: 3.2.9, current host: 192.168.220.1
2024-06-01T01:46:08.569+08:00  INFO 34916 --- [           main] o.a.dubbo.config.context.ConfigManager   :  [DUBBO] <dubbo:protocol preferSerialization="fastjson2,hessian2" port="20885" name="dubbo" />, dubbo version: 3.2.9, current host: 192.168.220.1
2024-06-01T01:46:08.569+08:00  INFO 34916 --- [           main] o.a.dubbo.config.context.ConfigManager   :  [DUBBO] <dubbo:registry port="8848" address="nacos://127.0.0.1:8848" protocol="nacos" />, dubbo version: 3.2.9, current host: 192.168.220.1
2024-06-01T01:46:08.569+08:00  INFO 34916 --- [           main] o.a.dubbo.config.context.ConfigManager   :  [DUBBO] <dubbo:ssl />, dubbo version: 3.2.9, current host: 192.168.220.1
2024-06-01T01:46:08.586+08:00  INFO 34916 --- [           main] o.a.d.c.deploy.DefaultModuleDeployer     :  [DUBBO] Dubbo Module[1.1.0] has been initialized!, dubbo version: 3.2.9, current host: 192.168.220.1
2024-06-01T01:46:08.588+08:00  INFO 34916 --- [           main] o.a.d.c.deploy.DefaultModuleDeployer     :  [DUBBO] Dubbo Module[1.1.1] has been initialized!, dubbo version: 3.2.9, current host: 192.168.220.1
2024-06-01T01:46:08.594+08:00  INFO 34916 --- [           main] o.a.d.c.d.DefaultApplicationDeployer     :  [DUBBO] No value is configured in the registry, the MetadataReportFactory extension[name : nacos] supports as the metadata center, dubbo version: 3.2.9, current host: 192.168.220.1
2024-06-01T01:46:08.594+08:00  INFO 34916 --- [           main] o.a.d.c.d.DefaultApplicationDeployer     :  [DUBBO] The registry[<dubbo:registry port="8848" address="nacos://127.0.0.1:8848" protocol="nacos" />] will be used as the metadata center, dubbo version: 3.2.9, current host: 192.168.220.1
2024-06-01T01:46:08.597+08:00  INFO 34916 --- [           main] o.a.d.c.d.DefaultApplicationDeployer     :  [DUBBO] use registry as metadata-center: <dubbo:metadata-report address="nacos://127.0.0.1:8848" protocol="nacos" port="8848" parameters="{client=null}" />, dubbo version: 3.2.9, current host: 192.168.220.1
2024-06-01T01:46:08.655+08:00  INFO 34916 --- [           main] c.a.n.p.a.s.c.ClientAuthPluginManager    : [ClientAuthPluginManager] Load ClientAuthService com.alibaba.nacos.client.auth.impl.NacosClientAuthServiceImpl success.
2024-06-01T01:46:08.655+08:00  INFO 34916 --- [           main] c.a.n.p.a.s.c.ClientAuthPluginManager    : [ClientAuthPluginManager] Load ClientAuthService com.alibaba.nacos.client.auth.ram.RamClientAuthServiceImpl success.
2024-06-01T01:46:08.655+08:00  INFO 34916 --- [           main] com.alibaba.nacos.common.remote.client   : [RpcClientFactory] create a new rpc client of 6aa97757-5e51-4e50-810c-25a58739d1d8_config-0
2024-06-01T01:46:08.655+08:00  INFO 34916 --- [           main] com.alibaba.nacos.common.remote.client   : [6aa97757-5e51-4e50-810c-25a58739d1d8_config-0] Register server push request handler:com.alibaba.nacos.client.config.impl.ClientWorker$ConfigRpcTransportClient$$Lambda$996/0x0000021101495418
2024-06-01T01:46:08.655+08:00  INFO 34916 --- [           main] com.alibaba.nacos.common.remote.client   : [6aa97757-5e51-4e50-810c-25a58739d1d8_config-0] Register server push request handler:com.alibaba.nacos.client.config.impl.ClientWorker$ConfigRpcTransportClient$$Lambda$997/0x0000021101495838
2024-06-01T01:46:08.655+08:00  INFO 34916 --- [           main] com.alibaba.nacos.common.remote.client   : [6aa97757-5e51-4e50-810c-25a58739d1d8_config-0] Registry connection listener to current client:com.alibaba.nacos.client.config.impl.ClientWorker$ConfigRpcTransportClient$1
2024-06-01T01:46:08.655+08:00  INFO 34916 --- [           main] com.alibaba.nacos.common.remote.client   : [6aa97757-5e51-4e50-810c-25a58739d1d8_config-0] RpcClient init, ServerListFactory = com.alibaba.nacos.client.config.impl.ClientWorker$ConfigRpcTransportClient$2
2024-06-01T01:46:08.655+08:00  INFO 34916 --- [           main] com.alibaba.nacos.common.remote.client   : [6aa97757-5e51-4e50-810c-25a58739d1d8_config-0] Try to connect to server on start up, server: {serverIp = '127.0.0.1', server main port = 8848}
2024-06-01T01:46:08.655+08:00  INFO 34916 --- [           main] c.a.n.c.remote.client.grpc.GrpcClient    : grpc client connection server:127.0.0.1 ip,serverPort:9848,grpcTslConfig:{"sslProvider":"OPENSSL","enableTls":false,"mutualAuthEnable":false,"trustAll":false}
2024-06-01T01:46:08.775+08:00  INFO 34916 --- [           main] com.alibaba.nacos.common.remote.client   : [6aa97757-5e51-4e50-810c-25a58739d1d8_config-0] Success to connect to server [127.0.0.1:8848] on start up, connectionId = 1717177568658_127.0.0.1_50824
2024-06-01T01:46:08.775+08:00  INFO 34916 --- [           main] com.alibaba.nacos.common.remote.client   : [6aa97757-5e51-4e50-810c-25a58739d1d8_config-0] Register server push request handler:com.alibaba.nacos.common.remote.client.RpcClient$ConnectResetRequestHandler
2024-06-01T01:46:08.775+08:00  INFO 34916 --- [           main] com.alibaba.nacos.common.remote.client   : [6aa97757-5e51-4e50-810c-25a58739d1d8_config-0] Register server push request handler:com.alibaba.nacos.common.remote.client.RpcClient$$Lambda$1013/0x000002110160cff0
2024-06-01T01:46:08.775+08:00  INFO 34916 --- [t.remote.worker] com.alibaba.nacos.common.remote.client   : [6aa97757-5e51-4e50-810c-25a58739d1d8_config-0] Notify connected event to listeners.
2024-06-01T01:46:08.776+08:00  INFO 34916 --- [t.remote.worker] c.a.n.client.config.impl.ClientWorker    : [6aa97757-5e51-4e50-810c-25a58739d1d8_config-0] Connected,notify listen context...
2024-06-01T01:46:08.789+08:00  INFO 34916 --- [           main] o.a.d.c.d.DefaultApplicationDeployer     :  [DUBBO] Dubbo Application[1.1](gateway-service) has been initialized!, dubbo version: 3.2.9, current host: 192.168.220.1
2024-06-01T01:46:08.814+08:00  INFO 34916 --- [           main] o.a.d.c.s.reference.ReferenceCreator     :  [DUBBO] The configBean[type:ReferenceConfig<com.tongji.microservice.teamsphere.dubbo.api.ChatService>] has been built., dubbo version: 3.2.9, current host: 192.168.220.1
2024-06-01T01:46:08.860+08:00  INFO 34916 --- [           main] o.a.d.c.s.reference.ReferenceCreator     :  [DUBBO] The configBean[type:ReferenceConfig<com.tongji.microservice.teamsphere.dubbo.api.FileService>] has been built., dubbo version: 3.2.9, current host: 192.168.220.1
2024-06-01T01:46:08.866+08:00  INFO 34916 --- [           main] o.a.d.c.s.reference.ReferenceCreator     :  [DUBBO] The configBean[type:ReferenceConfig<com.tongji.microservice.teamsphere.dubbo.api.MeetingService>] has been built., dubbo version: 3.2.9, current host: 192.168.220.1
2024-06-01T01:46:08.870+08:00  INFO 34916 --- [           main] o.a.d.c.s.reference.ReferenceCreator     :  [DUBBO] The configBean[type:ReferenceConfig<com.tongji.microservice.teamsphere.dubbo.api.ProjectService>] has been built., dubbo version: 3.2.9, current host: 192.168.220.1
2024-06-01T01:46:08.875+08:00  INFO 34916 --- [           main] o.a.d.c.s.reference.ReferenceCreator     :  [DUBBO] The configBean[type:ReferenceConfig<com.tongji.microservice.teamsphere.dubbo.api.UserService>] has been built., dubbo version: 3.2.9, current host: 192.168.220.1
2024-06-01T01:46:08.879+08:00  INFO 34916 --- [           main] o.a.d.c.s.reference.ReferenceCreator     :  [DUBBO] The configBean[type:ReferenceConfig<com.tongji.microservice.teamsphere.dubbo.api.ScheduleService>] has been built., dubbo version: 3.2.9, current host: 192.168.220.1
2024-06-01T01:46:08.882+08:00  INFO 34916 --- [           main] o.a.d.c.s.reference.ReferenceCreator     :  [DUBBO] The configBean[type:ReferenceConfig<com.tongji.microservice.teamsphere.dubbo.api.TaskService>] has been built., dubbo version: 3.2.9, current host: 192.168.220.1
2024-06-01T01:46:09.186+08:00  INFO 34916 --- [           main] o.s.b.a.w.s.WelcomePageHandlerMapping    : Adding welcome page: class path resource [static/index.html]
____ ____    ___ ____ _  _ ____ _  _ 
[__  |__| __  |  |  | |_/  |___ |\ | 
___] |  |     |  |__| | \_ |___ | \| 
https://sa-token.cc (v1.37.0)
&amp#27;[32mSA [INFO] -->: 全局配置 SaTokenConfig [tokenName=satoken, timeout=2592000, activeTimeout=-1, dynamicActiveTimeout=false, isConcurrent=true, isShare=true, maxLoginCount=12, maxTryTimes=12, isReadBody=true, isReadHeader=true, isReadCookie=true, isWriteHeader=false, tokenStyle=uuid, dataRefreshPeriod=30, tokenSessionCheckLogin=true, autoRenew=true, tokenPrefix=null, isPrint=true, isLog=true, logLevel=trace, logLevelInt=1, isColorLog=true, jwtSecretKey=null, basic=, currDomain=null, sameTokenTimeout=86400, checkSameToken=false, cookie=SaCookieConfig [domain=null, path=null, secure=false, httpOnly=false, sameSite=null], sign=SaSignConfig [secretKey=null, timestampDisparity=900000, isCheckNonce=true]] &amp#27;[39m
&amp#27;[32mSA [INFO] -->: 全局组件 SaJsonTemplate 载入成功: cn.dev33.satoken.spring.json.SaJsonTemplateForJackson&amp#27;[39m
&amp#27;[32mSA [INFO] -->: 全局组件 SaTokenContext 载入成功: cn.dev33.satoken.spring.SaTokenContextForSpringInJakartaServlet&amp#27;[39m
2024-06-01T01:46:09.745+08:00  INFO 34916 --- [           main] o.a.d.c.deploy.DefaultModuleDeployer     :  [DUBBO] Dubbo Module[1.1.1] is starting., dubbo version: 3.2.9, current host: 192.168.220.1
2024-06-01T01:46:09.746+08:00  INFO 34916 --- [           main] o.a.d.c.d.DefaultApplicationDeployer     :  [DUBBO] Dubbo Application[1.1](gateway-service) is starting., dubbo version: 3.2.9, current host: 192.168.220.1
2024-06-01T01:46:09.746+08:00  INFO 34916 --- [           main] o.a.d.c.deploy.DefaultModuleDeployer     :  [DUBBO] Dubbo Module[1.1.0] is starting., dubbo version: 3.2.9, current host: 192.168.220.1
2024-06-01T01:46:09.747+08:00  INFO 34916 --- [           main] o.a.d.c.deploy.DefaultModuleDeployer     :  [DUBBO] Dubbo Module[1.1.0] has started., dubbo version: 3.2.9, current host: 192.168.220.1
2024-06-01T01:46:10.070+08:00  INFO 34916 --- [           main] org.apache.dubbo.qos.server.Server       :  [DUBBO] qos-server bind localhost:22223, dubbo version: 3.2.9, current host: 192.168.220.1
2024-06-01T01:46:10.097+08:00  INFO 34916 --- [           main] com.alibaba.nacos.client.naming          : initializer namespace from ans.namespace attribute : null
2024-06-01T01:46:10.098+08:00  INFO 34916 --- [           main] com.alibaba.nacos.client.naming          : initializer namespace from ALIBABA_ALIWARE_NAMESPACE attribute :null
2024-06-01T01:46:10.098+08:00  INFO 34916 --- [           main] com.alibaba.nacos.client.naming          : initializer namespace from namespace attribute :null
2024-06-01T01:46:10.104+08:00  INFO 34916 --- [           main] c.a.n.p.a.s.c.ClientAuthPluginManager    : [ClientAuthPluginManager] Load ClientAuthService com.alibaba.nacos.client.auth.impl.NacosClientAuthServiceImpl success.
2024-06-01T01:46:10.104+08:00  INFO 34916 --- [           main] c.a.n.p.a.s.c.ClientAuthPluginManager    : [ClientAuthPluginManager] Load ClientAuthService com.alibaba.nacos.client.auth.ram.RamClientAuthServiceImpl success.
2024-06-01T01:46:10.106+08:00  INFO 34916 --- [           main] com.alibaba.nacos.common.remote.client   : [RpcClientFactory] create a new rpc client of 95c1e560-f679-45e2-a421-e508829f7b5d
2024-06-01T01:46:10.107+08:00  INFO 34916 --- [           main] com.alibaba.nacos.common.remote.client   : [95c1e560-f679-45e2-a421-e508829f7b5d] RpcClient init, ServerListFactory = com.alibaba.nacos.client.naming.core.ServerListManager
2024-06-01T01:46:10.107+08:00  INFO 34916 --- [           main] com.alibaba.nacos.common.remote.client   : [95c1e560-f679-45e2-a421-e508829f7b5d] Registry connection listener to current client:com.alibaba.nacos.client.naming.remote.gprc.redo.NamingGrpcRedoService
2024-06-01T01:46:10.108+08:00  INFO 34916 --- [           main] com.alibaba.nacos.common.remote.client   : [95c1e560-f679-45e2-a421-e508829f7b5d] Register server push request handler:com.alibaba.nacos.client.naming.remote.gprc.NamingPushRequestHandler
2024-06-01T01:46:10.108+08:00  INFO 34916 --- [           main] com.alibaba.nacos.common.remote.client   : [95c1e560-f679-45e2-a421-e508829f7b5d] Try to connect to server on start up, server: {serverIp = '127.0.0.1', server main port = 8848}
2024-06-01T01:46:10.108+08:00  INFO 34916 --- [           main] c.a.n.c.remote.client.grpc.GrpcClient    : grpc client connection server:127.0.0.1 ip,serverPort:9848,grpcTslConfig:{"sslProvider":"OPENSSL","enableTls":false,"mutualAuthEnable":false,"trustAll":false}
2024-06-01T01:46:10.224+08:00  INFO 34916 --- [           main] com.alibaba.nacos.common.remote.client   : [95c1e560-f679-45e2-a421-e508829f7b5d] Success to connect to server [127.0.0.1:8848] on start up, connectionId = 1717177570111_127.0.0.1_50825
2024-06-01T01:46:10.225+08:00  INFO 34916 --- [t.remote.worker] com.alibaba.nacos.common.remote.client   : [95c1e560-f679-45e2-a421-e508829f7b5d] Notify connected event to listeners.
2024-06-01T01:46:10.225+08:00  INFO 34916 --- [           main] com.alibaba.nacos.common.remote.client   : [95c1e560-f679-45e2-a421-e508829f7b5d] Register server push request handler:com.alibaba.nacos.common.remote.client.RpcClient$ConnectResetRequestHandler
2024-06-01T01:46:10.225+08:00  INFO 34916 --- [t.remote.worker] com.alibaba.nacos.client.naming          : Grpc connection connect
2024-06-01T01:46:10.226+08:00  INFO 34916 --- [           main] com.alibaba.nacos.common.remote.client   : [95c1e560-f679-45e2-a421-e508829f7b5d] Register server push request handler:com.alibaba.nacos.common.remote.client.RpcClient$$Lambda$1013/0x000002110160cff0
2024-06-01T01:46:10.284+08:00  INFO 34916 --- [           main] o.a.d.r.nacos.NacosNamingServiceWrapper  :  [DUBBO] Nacos batch register enable: true, dubbo version: 3.2.9, current host: 192.168.220.1
2024-06-01T01:46:10.291+08:00  INFO 34916 --- [           main] o.a.dubbo.registry.nacos.NacosRegistry   :  [DUBBO] Loaded registry cache file C:\Users\l\.dubbo\dubbo-registry-gateway-service-127.0.0.1-8848.cache, dubbo version: 3.2.9, current host: 192.168.220.1
2024-06-01T01:46:10.317+08:00  INFO 34916 --- [           main] o.a.d.r.c.m.MigrationRuleListener        :  [DUBBO] Listening for migration rules on dataId gateway-service.migration, group DUBBO_SERVICEDISCOVERY_MIGRATION, dubbo version: 3.2.9, current host: 192.168.220.1
2024-06-01T01:46:10.322+08:00  INFO 34916 --- [           main] c.a.nacos.client.config.impl.CacheData   : nacos.cache.data.init.snapshot = true 
2024-06-01T01:46:10.322+08:00  INFO 34916 --- [           main] c.a.n.client.config.impl.ClientWorker    : [fixed-127.0.0.1_8848] [subscribe] gateway-service.migration+DUBBO_SERVICEDISCOVERY_MIGRATION
2024-06-01T01:46:10.329+08:00  INFO 34916 --- [           main] c.a.nacos.client.config.impl.CacheData   : [fixed-127.0.0.1_8848] [add-listener] ok, tenant=, dataId=gateway-service.migration, group=DUBBO_SERVICEDISCOVERY_MIGRATION, cnt=1
2024-06-01T01:46:10.387+08:00  INFO 34916 --- [           main] c.a.n.client.config.impl.ClientWorker    : [fixed-127.0.0.1_8848] [subscribe] gateway-service.configurators+dubbo
2024-06-01T01:46:10.387+08:00  INFO 34916 --- [           main] c.a.nacos.client.config.impl.CacheData   : [fixed-127.0.0.1_8848] [add-listener] ok, tenant=, dataId=gateway-service.configurators, group=dubbo, cnt=1
2024-06-01T01:46:10.409+08:00  INFO 34916 --- [           main] o.a.dubbo.registry.nacos.NacosRegistry   :  [DUBBO] Please set 'dubbo.registry.parameters.register-consumer-url=true' to turn on consumer url registration., dubbo version: 3.2.9, current host: 192.168.220.1
2024-06-01T01:46:10.426+08:00  INFO 34916 --- [           main] c.a.n.client.config.impl.ClientWorker    : [fixed-127.0.0.1_8848] [subscribe] com.tongji.microservice.teamsphere.dubbo.api.ScheduleService::.condition-router+dubbo
2024-06-01T01:46:10.426+08:00  INFO 34916 --- [           main] c.a.nacos.client.config.impl.CacheData   : [fixed-127.0.0.1_8848] [add-listener] ok, tenant=, dataId=com.tongji.microservice.teamsphere.dubbo.api.ScheduleService::.condition-router, group=dubbo, cnt=1
2024-06-01T01:46:10.434+08:00  INFO 34916 --- [           main] c.a.n.client.config.impl.ClientWorker    : [fixed-127.0.0.1_8848] [subscribe] gateway-service.condition-router+dubbo
2024-06-01T01:46:10.434+08:00  INFO 34916 --- [           main] c.a.nacos.client.config.impl.CacheData   : [fixed-127.0.0.1_8848] [add-listener] ok, tenant=, dataId=gateway-service.condition-router, group=dubbo, cnt=1
2024-06-01T01:46:10.667+08:00  INFO 34916 --- [           main] o.a.dubbo.registry.nacos.NacosRegistry   :  [DUBBO] Subscribe: consumer://192.168.220.1/com.tongji.microservice.teamsphere.dubbo.api.ScheduleService?application=gateway-service&background=false&category=providers,configurators,routers&check=false&dubbo=2.0.2&executor-management-mode=isolation&file-cache=true&interface=com.tongji.microservice.teamsphere.dubbo.api.ScheduleService&logger=slf4j&methods=createEvent,getEventId,getEventInfo,getEvents,removeEvent,updateEventInfo&pid=34916&qos.port=22223&release=3.2.9&revision=0.0.1-SNAPSHOT&side=consumer&sticky=false&timestamp=1717177569762&unloadClusterRelated=false, dubbo version: 3.2.9, current host: 192.168.220.1
2024-06-01T01:46:10.675+08:00  INFO 34916 --- [           main] com.alibaba.nacos.client.naming          : [SUBSCRIBE-SERVICE] service:providers:com.tongji.microservice.teamsphere.dubbo.api.ScheduleService::, group:DEFAULT_GROUP, clusters: 
2024-06-01T01:46:10.688+08:00  INFO 34916 --- [           main] com.alibaba.nacos.client.naming          : init new ips(0) service: DEFAULT_GROUP@@providers:com.tongji.microservice.teamsphere.dubbo.api.ScheduleService:: -> []
2024-06-01T01:46:10.690+08:00  INFO 34916 --- [           main] com.alibaba.nacos.client.naming          : current ips:(0) service: DEFAULT_GROUP@@providers:com.tongji.microservice.teamsphere.dubbo.api.ScheduleService:: -> []
2024-06-01T01:46:10.701+08:00  WARN 34916 --- [           main] o.a.dubbo.registry.nacos.NacosRegistry   :  [DUBBO] Received empty url address list and empty protection is disabled, will clear current available addresses, dubbo version: 3.2.9, current host: 192.168.220.1, error code: 1-37. This may be caused by , go to https://dubbo.apache.org/faq/1/37 to find instructions. 
2024-06-01T01:46:10.701+08:00  INFO 34916 --- [           main] o.a.dubbo.registry.nacos.NacosRegistry   :  [DUBBO] Notify urls for subscribe url consumer://192.168.220.1/com.tongji.microservice.teamsphere.dubbo.api.ScheduleService?application=gateway-service&background=false&category=providers,configurators,routers&check=false&dubbo=2.0.2&executor-management-mode=isolation&file-cache=true&interface=com.tongji.microservice.teamsphere.dubbo.api.ScheduleService&logger=slf4j&methods=createEvent,getEventId,getEventInfo,getEvents,removeEvent,updateEventInfo&pid=34916&qos.port=22223&release=3.2.9&revision=0.0.1-SNAPSHOT&side=consumer&sticky=false&timestamp=1717177569762&unloadClusterRelated=false, url size: 1, dubbo version: 3.2.9, current host: 192.168.220.1
2024-06-01T01:46:10.709+08:00  INFO 34916 --- [           main] o.a.d.r.integration.RegistryDirectory    :  [DUBBO] Received invokers changed event from registry. Registry type: interface. Service Key: com.tongji.microservice.teamsphere.dubbo.api.ScheduleService. Urls Size : 1. Invokers Size : 0. Available Size: 0. Available Invokers : empty, dubbo version: 3.2.9, current host: 192.168.220.1
2024-06-01T01:46:10.710+08:00  INFO 34916 --- [           main] com.alibaba.nacos.client.naming          : [SUBSCRIBE-SERVICE] service:providers:com.tongji.microservice.teamsphere.dubbo.api.ScheduleService, group:DEFAULT_GROUP, clusters: 
2024-06-01T01:46:10.716+08:00  INFO 34916 --- [           main] com.alibaba.nacos.client.naming          : init new ips(0) service: DEFAULT_GROUP@@providers:com.tongji.microservice.teamsphere.dubbo.api.ScheduleService -> []
2024-06-01T01:46:10.716+08:00  INFO 34916 --- [           main] com.alibaba.nacos.client.naming          : current ips:(0) service: DEFAULT_GROUP@@providers:com.tongji.microservice.teamsphere.dubbo.api.ScheduleService -> []
2024-06-01T01:46:10.717+08:00  WARN 34916 --- [           main] o.a.dubbo.registry.nacos.NacosRegistry   :  [DUBBO] Received empty url address list and empty protection is disabled, will clear current available addresses, dubbo version: 3.2.9, current host: 192.168.220.1, error code: 1-37. This may be caused by , go to https://dubbo.apache.org/faq/1/37 to find instructions. 
2024-06-01T01:46:10.718+08:00  INFO 34916 --- [           main] o.a.dubbo.registry.nacos.NacosRegistry   :  [DUBBO] Notify urls for subscribe url consumer://192.168.220.1/com.tongji.microservice.teamsphere.dubbo.api.ScheduleService?application=gateway-service&background=false&category=providers,configurators,routers&check=false&dubbo=2.0.2&executor-management-mode=isolation&file-cache=true&interface=com.tongji.microservice.teamsphere.dubbo.api.ScheduleService&logger=slf4j&methods=createEvent,getEventId,getEventInfo,getEvents,removeEvent,updateEventInfo&pid=34916&qos.port=22223&release=3.2.9&revision=0.0.1-SNAPSHOT&side=consumer&sticky=false&timestamp=1717177569762&unloadClusterRelated=false, url size: 1, dubbo version: 3.2.9, current host: 192.168.220.1
2024-06-01T01:46:10.718+08:00  INFO 34916 --- [           main] o.a.d.r.integration.RegistryDirectory    :  [DUBBO] Received invokers changed event from registry. Registry type: interface. Service Key: com.tongji.microservice.teamsphere.dubbo.api.ScheduleService. Urls Size : 1. Invokers Size : 0. Available Size: 0. Available Invokers : empty, dubbo version: 3.2.9, current host: 192.168.220.1
2024-06-01T01:46:10.723+08:00  INFO 34916 --- [           main] com.alibaba.nacos.client.naming          : [SUBSCRIBE-SERVICE] service:providers:com.tongji.microservice.teamsphere.dubbo.api.ScheduleService::, group:DEFAULT_GROUP, clusters: 
2024-06-01T01:46:10.723+08:00  INFO 34916 --- [           main] com.alibaba.nacos.client.naming          : [SUBSCRIBE-SERVICE] service:providers:com.tongji.microservice.teamsphere.dubbo.api.ScheduleService, group:DEFAULT_GROUP, clusters: 
2024-06-01T01:46:10.725+08:00  INFO 34916 --- [           main] c.a.n.client.config.impl.ClientWorker    : [fixed-127.0.0.1_8848] [subscribe] com.tongji.microservice.teamsphere.dubbo.api.ScheduleService::.configurators+dubbo
2024-06-01T01:46:10.725+08:00  INFO 34916 --- [           main] c.a.nacos.client.config.impl.CacheData   : [fixed-127.0.0.1_8848] [add-listener] ok, tenant=, dataId=com.tongji.microservice.teamsphere.dubbo.api.ScheduleService::.configurators, group=dubbo, cnt=1
2024-06-01T01:46:10.753+08:00  INFO 34916 --- [           main] o.a.d.r.client.ServiceDiscoveryRegistry  :  [DUBBO] Loaded registry cache file C:\Users\l\.dubbo\dubbo-registry-gateway-service-127.0.0.1-8848.cache, dubbo version: 3.2.9, current host: 192.168.220.1
2024-06-01T01:46:10.864+08:00  INFO 34916 --- [           main] com.alibaba.nacos.client.naming          : initializer namespace from ans.namespace attribute : null
2024-06-01T01:46:10.864+08:00  INFO 34916 --- [           main] com.alibaba.nacos.client.naming          : initializer namespace from ALIBABA_ALIWARE_NAMESPACE attribute :null
2024-06-01T01:46:10.864+08:00  INFO 34916 --- [           main] com.alibaba.nacos.client.naming          : initializer namespace from namespace attribute :null
2024-06-01T01:46:10.864+08:00  INFO 34916 --- [           main] c.a.n.p.a.s.c.ClientAuthPluginManager    : [ClientAuthPluginManager] Load ClientAuthService com.alibaba.nacos.client.auth.impl.NacosClientAuthServiceImpl success.
2024-06-01T01:46:10.864+08:00  INFO 34916 --- [           main] c.a.n.p.a.s.c.ClientAuthPluginManager    : [ClientAuthPluginManager] Load ClientAuthService com.alibaba.nacos.client.auth.ram.RamClientAuthServiceImpl success.
2024-06-01T01:46:10.864+08:00  INFO 34916 --- [           main] com.alibaba.nacos.common.remote.client   : [RpcClientFactory] create a new rpc client of f6e317c9-3981-4823-8fa3-4724493ddf11
2024-06-01T01:46:10.864+08:00  INFO 34916 --- [           main] com.alibaba.nacos.common.remote.client   : [f6e317c9-3981-4823-8fa3-4724493ddf11] RpcClient init, ServerListFactory = com.alibaba.nacos.client.naming.core.ServerListManager
2024-06-01T01:46:10.864+08:00  INFO 34916 --- [           main] com.alibaba.nacos.common.remote.client   : [f6e317c9-3981-4823-8fa3-4724493ddf11] Registry connection listener to current client:com.alibaba.nacos.client.naming.remote.gprc.redo.NamingGrpcRedoService
2024-06-01T01:46:10.864+08:00  INFO 34916 --- [           main] com.alibaba.nacos.common.remote.client   : [f6e317c9-3981-4823-8fa3-4724493ddf11] Register server push request handler:com.alibaba.nacos.client.naming.remote.gprc.NamingPushRequestHandler
2024-06-01T01:46:10.865+08:00  INFO 34916 --- [           main] com.alibaba.nacos.common.remote.client   : [f6e317c9-3981-4823-8fa3-4724493ddf11] Try to connect to server on start up, server: {serverIp = '127.0.0.1', server main port = 8848}
2024-06-01T01:46:10.865+08:00  INFO 34916 --- [           main] c.a.n.c.remote.client.grpc.GrpcClient    : grpc client connection server:127.0.0.1 ip,serverPort:9848,grpcTslConfig:{"sslProvider":"OPENSSL","enableTls":false,"mutualAuthEnable":false,"trustAll":false}
2024-06-01T01:46:10.974+08:00  INFO 34916 --- [           main] com.alibaba.nacos.common.remote.client   : [f6e317c9-3981-4823-8fa3-4724493ddf11] Success to connect to server [127.0.0.1:8848] on start up, connectionId = 1717177570868_127.0.0.1_50826
2024-06-01T01:46:10.975+08:00  INFO 34916 --- [t.remote.worker] com.alibaba.nacos.common.remote.client   : [f6e317c9-3981-4823-8fa3-4724493ddf11] Notify connected event to listeners.
2024-06-01T01:46:10.975+08:00  INFO 34916 --- [t.remote.worker] com.alibaba.nacos.client.naming          : Grpc connection connect
2024-06-01T01:46:10.975+08:00  INFO 34916 --- [           main] com.alibaba.nacos.common.remote.client   : [f6e317c9-3981-4823-8fa3-4724493ddf11] Register server push request handler:com.alibaba.nacos.common.remote.client.RpcClient$ConnectResetRequestHandler
2024-06-01T01:46:10.975+08:00  INFO 34916 --- [           main] com.alibaba.nacos.common.remote.client   : [f6e317c9-3981-4823-8fa3-4724493ddf11] Register server push request handler:com.alibaba.nacos.common.remote.client.RpcClient$$Lambda$1013/0x000002110160cff0
2024-06-01T01:46:10.980+08:00  INFO 34916 --- [           main] o.a.d.r.nacos.NacosNamingServiceWrapper  :  [DUBBO] Nacos batch register enable: true, dubbo version: 3.2.9, current host: 192.168.220.1
2024-06-01T01:46:11.015+08:00  INFO 34916 --- [           main] o.a.d.r.client.ServiceDiscoveryRegistry  :  [DUBBO] Trying to subscribe from apps schedule-service for service key com.tongji.microservice.teamsphere.dubbo.api.ScheduleService, , dubbo version: 3.2.9, current host: 192.168.220.1
2024-06-01T01:46:11.020+08:00  INFO 34916 --- [eduler-thread-1] c.a.nacos.client.config.utils.JvmUtil    : isMultiInstance:false
2024-06-01T01:46:11.020+08:00  INFO 34916 --- [eduler-thread-1] c.a.n.client.config.impl.ClientWorker    : [fixed-127.0.0.1_8848] [subscribe] com.tongji.microservice.teamsphere.dubbo.api.ScheduleService+mapping
2024-06-01T01:46:11.020+08:00  INFO 34916 --- [           main] com.alibaba.nacos.client.naming          : [SUBSCRIBE-SERVICE] service:schedule-service, group:DEFAULT_GROUP, clusters: 
2024-06-01T01:46:11.020+08:00  INFO 34916 --- [eduler-thread-1] c.a.nacos.client.config.impl.CacheData   : [fixed-127.0.0.1_8848] [add-listener] ok, tenant=, dataId=com.tongji.microservice.teamsphere.dubbo.api.ScheduleService, group=mapping, cnt=1
2024-06-01T01:46:11.023+08:00  INFO 34916 --- [           main] com.alibaba.nacos.client.naming          : init new ips(0) service: DEFAULT_GROUP@@schedule-service -> []
2024-06-01T01:46:11.023+08:00  INFO 34916 --- [           main] com.alibaba.nacos.client.naming          : current ips:(0) service: DEFAULT_GROUP@@schedule-service -> []
2024-06-01T01:46:11.026+08:00  INFO 34916 --- [eduler-thread-1] DiscoveryRegistry$DefaultMappingListener :  [DUBBO] Received mapping notification from meta server, {serviceKey: com.tongji.microservice.teamsphere.dubbo.api.ScheduleService, apps: [schedule-service]}, dubbo version: 3.2.9, current host: 192.168.220.1
2024-06-01T01:46:11.026+08:00  INFO 34916 --- [           main] com.alibaba.nacos.client.naming          : [SUBSCRIBE-SERVICE] service:schedule-service, group:DEFAULT_GROUP, clusters: 
2024-06-01T01:46:11.029+08:00  INFO 34916 --- [           main] .r.c.m.DefaultMigrationAddressComparator :  [DUBBO] No instance address available, stop compare., dubbo version: 3.2.9, current host: 192.168.220.1
2024-06-01T01:46:11.029+08:00  INFO 34916 --- [           main] o.a.d.r.c.m.MigrationRuleHandler         :  [DUBBO] Succeed Migrated to APPLICATION_FIRST mode. Service Name: com.tongji.microservice.teamsphere.dubbo.api.ScheduleService, dubbo version: 3.2.9, current host: 192.168.220.1
2024-06-01T01:46:11.029+08:00  INFO 34916 --- [           main] o.apache.dubbo.config.ReferenceConfig    :  [DUBBO] Referred dubbo service: [com.tongji.microservice.teamsphere.dubbo.api.ScheduleService]. it's not GenericService reference, dubbo version: 3.2.9, current host: 192.168.220.1
2024-06-01T01:46:11.030+08:00  INFO 34916 --- [Report-thread-1] o.a.d.m.store.nacos.NacosMetadataReport  :  [DUBBO] store consumer metadata. Identifier : MetadataIdentifier{application='gateway-service', serviceInterface='com.tongji.microservice.teamsphere.dubbo.api.ScheduleService', version='', group='', side='consumer'}; definition: {side=consumer, pid=34916, release=3.2.9, dubbo=2.0.2, application=gateway-service, interface=com.tongji.microservice.teamsphere.dubbo.api.ScheduleService, executor-management-mode=isolation, file-cache=true, register.ip=192.168.220.1, methods=createEvent,getEventId,getEventInfo,getEvents,removeEvent,updateEventInfo, logger=slf4j, qos.port=22223, check=false, unloadClusterRelated=false, revision=0.0.1-SNAPSHOT, background=false, sticky=false, timestamp=1717177569762}, dubbo version: 3.2.9, current host: 192.168.220.1
2024-06-01T01:46:11.040+08:00  INFO 34916 --- [           main] o.a.dubbo.registry.nacos.NacosRegistry   :  [DUBBO] Please set 'dubbo.registry.parameters.register-consumer-url=true' to turn on consumer url registration., dubbo version: 3.2.9, current host: 192.168.220.1
2024-06-01T01:46:11.040+08:00  INFO 34916 --- [           main] c.a.n.client.config.impl.ClientWorker    : [fixed-127.0.0.1_8848] [subscribe] com.tongji.microservice.teamsphere.dubbo.api.ProjectService::.condition-router+dubbo
2024-06-01T01:46:11.040+08:00  INFO 34916 --- [           main] c.a.nacos.client.config.impl.CacheData   : [fixed-127.0.0.1_8848] [add-listener] ok, tenant=, dataId=com.tongji.microservice.teamsphere.dubbo.api.ProjectService::.condition-router, group=dubbo, cnt=1
2024-06-01T01:46:11.049+08:00  INFO 34916 --- [           main] o.a.dubbo.registry.nacos.NacosRegistry   :  [DUBBO] Subscribe: consumer://192.168.220.1/com.tongji.microservice.teamsphere.dubbo.api.ProjectService?application=gateway-service&background=false&category=providers,configurators,routers&check=false&dubbo=2.0.2&executor-management-mode=isolation&file-cache=true&interface=com.tongji.microservice.teamsphere.dubbo.api.ProjectService&logger=slf4j&methods=addProjectMember,creatProject,deleteProject,getProjectByUserId,getProjectInfo,getProjectJoinRequest,getProjectMemberPrivilege,getProjectMembers,judgeJoinRequest,makeJoinRequest,queryProject,removeProjectMember,updateProjectInfo,updateProjectMemberPrivilege&pid=34916&qos.port=22223&release=3.2.9&revision=0.0.1-SNAPSHOT&side=consumer&sticky=false&timestamp=1717177571035&unloadClusterRelated=false, dubbo version: 3.2.9, current host: 192.168.220.1
2024-06-01T01:46:11.049+08:00  INFO 34916 --- [           main] com.alibaba.nacos.client.naming          : [SUBSCRIBE-SERVICE] service:providers:com.tongji.microservice.teamsphere.dubbo.api.ProjectService::, group:DEFAULT_GROUP, clusters: 
2024-06-01T01:46:11.051+08:00  INFO 34916 --- [           main] com.alibaba.nacos.client.naming          : init new ips(0) service: DEFAULT_GROUP@@providers:com.tongji.microservice.teamsphere.dubbo.api.ProjectService:: -> []
2024-06-01T01:46:11.051+08:00  INFO 34916 --- [           main] com.alibaba.nacos.client.naming          : current ips:(0) service: DEFAULT_GROUP@@providers:com.tongji.microservice.teamsphere.dubbo.api.ProjectService:: -> []
2024-06-01T01:46:11.052+08:00  WARN 34916 --- [           main] o.a.dubbo.registry.nacos.NacosRegistry   :  [DUBBO] Received empty url address list and empty protection is disabled, will clear current available addresses, dubbo version: 3.2.9, current host: 192.168.220.1, error code: 1-37. This may be caused by , go to https://dubbo.apache.org/faq/1/37 to find instructions. 
2024-06-01T01:46:11.052+08:00  INFO 34916 --- [           main] o.a.dubbo.registry.nacos.NacosRegistry   :  [DUBBO] Notify urls for subscribe url consumer://192.168.220.1/com.tongji.microservice.teamsphere.dubbo.api.ProjectService?application=gateway-service&background=false&category=providers,configurators,routers&check=false&dubbo=2.0.2&executor-management-mode=isolation&file-cache=true&interface=com.tongji.microservice.teamsphere.dubbo.api.ProjectService&logger=slf4j&methods=addProjectMember,creatProject,deleteProject,getProjectByUserId,getProjectInfo,getProjectJoinRequest,getProjectMemberPrivilege,getProjectMembers,judgeJoinRequest,makeJoinRequest,queryProject,removeProjectMember,updateProjectInfo,updateProjectMemberPrivilege&pid=34916&qos.port=22223&release=3.2.9&revision=0.0.1-SNAPSHOT&side=consumer&sticky=false&timestamp=1717177571035&unloadClusterRelated=false, url size: 1, dubbo version: 3.2.9, current host: 192.168.220.1
2024-06-01T01:46:11.052+08:00  INFO 34916 --- [           main] o.a.d.r.integration.RegistryDirectory    :  [DUBBO] Received invokers changed event from registry. Registry type: interface. Service Key: com.tongji.microservice.teamsphere.dubbo.api.ProjectService. Urls Size : 1. Invokers Size : 0. Available Size: 0. Available Invokers : empty, dubbo version: 3.2.9, current host: 192.168.220.1
2024-06-01T01:46:11.052+08:00  INFO 34916 --- [           main] com.alibaba.nacos.client.naming          : [SUBSCRIBE-SERVICE] service:providers:com.tongji.microservice.teamsphere.dubbo.api.ProjectService, group:DEFAULT_GROUP, clusters: 
2024-06-01T01:46:11.053+08:00  INFO 34916 --- [           main] com.alibaba.nacos.client.naming          : init new ips(0) service: DEFAULT_GROUP@@providers:com.tongji.microservice.teamsphere.dubbo.api.ProjectService -> []
2024-06-01T01:46:11.053+08:00  INFO 34916 --- [           main] com.alibaba.nacos.client.naming          : current ips:(0) service: DEFAULT_GROUP@@providers:com.tongji.microservice.teamsphere.dubbo.api.ProjectService -> []
2024-06-01T01:46:11.055+08:00  WARN 34916 --- [           main] o.a.dubbo.registry.nacos.NacosRegistry   :  [DUBBO] Received empty url address list and empty protection is disabled, will clear current available addresses, dubbo version: 3.2.9, current host: 192.168.220.1, error code: 1-37. This may be caused by , go to https://dubbo.apache.org/faq/1/37 to find instructions. 
2024-06-01T01:46:11.055+08:00  INFO 34916 --- [           main] o.a.dubbo.registry.nacos.NacosRegistry   :  [DUBBO] Notify urls for subscribe url consumer://192.168.220.1/com.tongji.microservice.teamsphere.dubbo.api.ProjectService?application=gateway-service&background=false&category=providers,configurators,routers&check=false&dubbo=2.0.2&executor-management-mode=isolation&file-cache=true&interface=com.tongji.microservice.teamsphere.dubbo.api.ProjectService&logger=slf4j&methods=addProjectMember,creatProject,deleteProject,getProjectByUserId,getProjectInfo,getProjectJoinRequest,getProjectMemberPrivilege,getProjectMembers,judgeJoinRequest,makeJoinRequest,queryProject,removeProjectMember,updateProjectInfo,updateProjectMemberPrivilege&pid=34916&qos.port=22223&release=3.2.9&revision=0.0.1-SNAPSHOT&side=consumer&sticky=false&timestamp=1717177571035&unloadClusterRelated=false, url size: 1, dubbo version: 3.2.9, current host: 192.168.220.1
2024-06-01T01:46:11.056+08:00  INFO 34916 --- [           main] o.a.d.r.integration.RegistryDirectory    :  [DUBBO] Received invokers changed event from registry. Registry type: interface. Service Key: com.tongji.microservice.teamsphere.dubbo.api.ProjectService. Urls Size : 1. Invokers Size : 0. Available Size: 0. Available Invokers : empty, dubbo version: 3.2.9, current host: 192.168.220.1
2024-06-01T01:46:11.056+08:00  INFO 34916 --- [           main] com.alibaba.nacos.client.naming          : [SUBSCRIBE-SERVICE] service:providers:com.tongji.microservice.teamsphere.dubbo.api.ProjectService::, group:DEFAULT_GROUP, clusters: 
2024-06-01T01:46:11.056+08:00  INFO 34916 --- [           main] com.alibaba.nacos.client.naming          : [SUBSCRIBE-SERVICE] service:providers:com.tongji.microservice.teamsphere.dubbo.api.ProjectService, group:DEFAULT_GROUP, clusters: 
2024-06-01T01:46:11.056+08:00  INFO 34916 --- [           main] c.a.n.client.config.impl.ClientWorker    : [fixed-127.0.0.1_8848] [subscribe] com.tongji.microservice.teamsphere.dubbo.api.ProjectService::.configurators+dubbo
2024-06-01T01:46:11.056+08:00  INFO 34916 --- [           main] c.a.nacos.client.config.impl.CacheData   : [fixed-127.0.0.1_8848] [add-listener] ok, tenant=, dataId=com.tongji.microservice.teamsphere.dubbo.api.ProjectService::.configurators, group=dubbo, cnt=1
2024-06-01T01:46:11.268+08:00  INFO 34916 --- [           main] o.a.d.r.client.ServiceDiscoveryRegistry  :  [DUBBO] Trying to subscribe from apps member-service for service key com.tongji.microservice.teamsphere.dubbo.api.ProjectService, , dubbo version: 3.2.9, current host: 192.168.220.1
2024-06-01T01:46:11.269+08:00  INFO 34916 --- [           main] com.alibaba.nacos.client.naming          : [SUBSCRIBE-SERVICE] service:member-service, group:DEFAULT_GROUP, clusters: 
2024-06-01T01:46:11.271+08:00  INFO 34916 --- [eduler-thread-2] c.a.n.client.config.impl.ClientWorker    : [fixed-127.0.0.1_8848] [subscribe] com.tongji.microservice.teamsphere.dubbo.api.ProjectService+mapping
2024-06-01T01:46:11.271+08:00  INFO 34916 --- [eduler-thread-2] c.a.nacos.client.config.impl.CacheData   : [fixed-127.0.0.1_8848] [add-listener] ok, tenant=, dataId=com.tongji.microservice.teamsphere.dubbo.api.ProjectService, group=mapping, cnt=1
2024-06-01T01:46:11.275+08:00  INFO 34916 --- [           main] com.alibaba.nacos.client.naming          : init new ips(0) service: DEFAULT_GROUP@@member-service -> []
2024-06-01T01:46:11.276+08:00  INFO 34916 --- [           main] com.alibaba.nacos.client.naming          : current ips:(0) service: DEFAULT_GROUP@@member-service -> []
2024-06-01T01:46:11.280+08:00  INFO 34916 --- [           main] com.alibaba.nacos.client.naming          : [SUBSCRIBE-SERVICE] service:member-service, group:DEFAULT_GROUP, clusters: 
2024-06-01T01:46:11.281+08:00  INFO 34916 --- [           main] .r.c.m.DefaultMigrationAddressComparator :  [DUBBO] No instance address available, stop compare., dubbo version: 3.2.9, current host: 192.168.220.1
2024-06-01T01:46:11.281+08:00  INFO 34916 --- [           main] o.a.d.r.c.m.MigrationRuleHandler         :  [DUBBO] Succeed Migrated to APPLICATION_FIRST mode. Service Name: com.tongji.microservice.teamsphere.dubbo.api.ProjectService, dubbo version: 3.2.9, current host: 192.168.220.1
2024-06-01T01:46:11.281+08:00  INFO 34916 --- [           main] o.apache.dubbo.config.ReferenceConfig    :  [DUBBO] Referred dubbo service: [com.tongji.microservice.teamsphere.dubbo.api.ProjectService]. it's not GenericService reference, dubbo version: 3.2.9, current host: 192.168.220.1
2024-06-01T01:46:11.283+08:00  INFO 34916 --- [Report-thread-1] o.a.d.m.store.nacos.NacosMetadataReport  :  [DUBBO] store consumer metadata. Identifier : MetadataIdentifier{application='gateway-service', serviceInterface='com.tongji.microservice.teamsphere.dubbo.api.ProjectService', version='', group='', side='consumer'}; definition: {side=consumer, pid=34916, release=3.2.9, dubbo=2.0.2, application=gateway-service, interface=com.tongji.microservice.teamsphere.dubbo.api.ProjectService, executor-management-mode=isolation, file-cache=true, register.ip=192.168.220.1, methods=addProjectMember,creatProject,deleteProject,getProjectByUserId,getProjectInfo,getProjectJoinRequest,getProjectMemberPrivilege,getProjectMembers,judgeJoinRequest,makeJoinRequest,queryProject,removeProjectMember,updateProjectInfo,updateProjectMemberPrivilege, logger=slf4j, qos.port=22223, check=false, unloadClusterRelated=false, revision=0.0.1-SNAPSHOT, background=false, sticky=false, timestamp=1717177571035}, dubbo version: 3.2.9, current host: 192.168.220.1
2024-06-01T01:46:11.286+08:00  INFO 34916 --- [eduler-thread-2] DiscoveryRegistry$DefaultMappingListener :  [DUBBO] Received mapping notification from meta server, {serviceKey: com.tongji.microservice.teamsphere.dubbo.api.ProjectService, apps: [member-service]}, dubbo version: 3.2.9, current host: 192.168.220.1
2024-06-01T01:46:11.295+08:00  INFO 34916 --- [           main] o.a.dubbo.registry.nacos.NacosRegistry   :  [DUBBO] Please set 'dubbo.registry.parameters.register-consumer-url=true' to turn on consumer url registration., dubbo version: 3.2.9, current host: 192.168.220.1
2024-06-01T01:46:11.295+08:00  INFO 34916 --- [           main] c.a.n.client.config.impl.ClientWorker    : [fixed-127.0.0.1_8848] [subscribe] com.tongji.microservice.teamsphere.dubbo.api.ChatService::.condition-router+dubbo
2024-06-01T01:46:11.296+08:00  INFO 34916 --- [           main] c.a.nacos.client.config.impl.CacheData   : [fixed-127.0.0.1_8848] [add-listener] ok, tenant=, dataId=com.tongji.microservice.teamsphere.dubbo.api.ChatService::.condition-router, group=dubbo, cnt=1
2024-06-01T01:46:11.303+08:00  INFO 34916 --- [           main] o.a.dubbo.registry.nacos.NacosRegistry   :  [DUBBO] Subscribe: consumer://192.168.220.1/com.tongji.microservice.teamsphere.dubbo.api.ChatService?application=gateway-service&background=false&category=providers,configurators,routers&check=false&dubbo=2.0.2&executor-management-mode=isolation&file-cache=true&interface=com.tongji.microservice.teamsphere.dubbo.api.ChatService&logger=slf4j&methods=createGroup,getGroupMember,getGroups,getPort,getRecentChat&pid=34916&qos.port=22223&release=3.2.9&revision=0.0.1-SNAPSHOT&side=consumer&sticky=false&timestamp=1717177571285&unloadClusterRelated=false, dubbo version: 3.2.9, current host: 192.168.220.1
2024-06-01T01:46:11.303+08:00  INFO 34916 --- [           main] com.alibaba.nacos.client.naming          : [SUBSCRIBE-SERVICE] service:providers:com.tongji.microservice.teamsphere.dubbo.api.ChatService::, group:DEFAULT_GROUP, clusters: 
2024-06-01T01:46:11.305+08:00  INFO 34916 --- [           main] com.alibaba.nacos.client.naming          : init new ips(0) service: DEFAULT_GROUP@@providers:com.tongji.microservice.teamsphere.dubbo.api.ChatService:: -> []
2024-06-01T01:46:11.305+08:00  INFO 34916 --- [           main] com.alibaba.nacos.client.naming          : current ips:(0) service: DEFAULT_GROUP@@providers:com.tongji.microservice.teamsphere.dubbo.api.ChatService:: -> []
2024-06-01T01:46:11.306+08:00  WARN 34916 --- [           main] o.a.dubbo.registry.nacos.NacosRegistry   :  [DUBBO] Received empty url address list and empty protection is disabled, will clear current available addresses, dubbo version: 3.2.9, current host: 192.168.220.1, error code: 1-37. This may be caused by , go to https://dubbo.apache.org/faq/1/37 to find instructions. 
2024-06-01T01:46:11.306+08:00  INFO 34916 --- [           main] o.a.dubbo.registry.nacos.NacosRegistry   :  [DUBBO] Notify urls for subscribe url consumer://192.168.220.1/com.tongji.microservice.teamsphere.dubbo.api.ChatService?application=gateway-service&background=false&category=providers,configurators,routers&check=false&dubbo=2.0.2&executor-management-mode=isolation&file-cache=true&interface=com.tongji.microservice.teamsphere.dubbo.api.ChatService&logger=slf4j&methods=createGroup,getGroupMember,getGroups,getPort,getRecentChat&pid=34916&qos.port=22223&release=3.2.9&revision=0.0.1-SNAPSHOT&side=consumer&sticky=false&timestamp=1717177571285&unloadClusterRelated=false, url size: 1, dubbo version: 3.2.9, current host: 192.168.220.1
2024-06-01T01:46:11.307+08:00  INFO 34916 --- [           main] o.a.d.r.integration.RegistryDirectory    :  [DUBBO] Received invokers changed event from registry. Registry type: interface. Service Key: com.tongji.microservice.teamsphere.dubbo.api.ChatService. Urls Size : 1. Invokers Size : 0. Available Size: 0. Available Invokers : empty, dubbo version: 3.2.9, current host: 192.168.220.1
2024-06-01T01:46:11.307+08:00  INFO 34916 --- [           main] com.alibaba.nacos.client.naming          : [SUBSCRIBE-SERVICE] service:providers:com.tongji.microservice.teamsphere.dubbo.api.ChatService, group:DEFAULT_GROUP, clusters: 
2024-06-01T01:46:11.308+08:00  INFO 34916 --- [           main] com.alibaba.nacos.client.naming          : init new ips(0) service: DEFAULT_GROUP@@providers:com.tongji.microservice.teamsphere.dubbo.api.ChatService -> []
2024-06-01T01:46:11.309+08:00  INFO 34916 --- [           main] com.alibaba.nacos.client.naming          : current ips:(0) service: DEFAULT_GROUP@@providers:com.tongji.microservice.teamsphere.dubbo.api.ChatService -> []
2024-06-01T01:46:11.309+08:00  WARN 34916 --- [           main] o.a.dubbo.registry.nacos.NacosRegistry   :  [DUBBO] Received empty url address list and empty protection is disabled, will clear current available addresses, dubbo version: 3.2.9, current host: 192.168.220.1, error code: 1-37. This may be caused by , go to https://dubbo.apache.org/faq/1/37 to find instructions. 
2024-06-01T01:46:11.309+08:00  INFO 34916 --- [           main] o.a.dubbo.registry.nacos.NacosRegistry   :  [DUBBO] Notify urls for subscribe url consumer://192.168.220.1/com.tongji.microservice.teamsphere.dubbo.api.ChatService?application=gateway-service&background=false&category=providers,configurators,routers&check=false&dubbo=2.0.2&executor-management-mode=isolation&file-cache=true&interface=com.tongji.microservice.teamsphere.dubbo.api.ChatService&logger=slf4j&methods=createGroup,getGroupMember,getGroups,getPort,getRecentChat&pid=34916&qos.port=22223&release=3.2.9&revision=0.0.1-SNAPSHOT&side=consumer&sticky=false&timestamp=1717177571285&unloadClusterRelated=false, url size: 1, dubbo version: 3.2.9, current host: 192.168.220.1
2024-06-01T01:46:11.309+08:00  INFO 34916 --- [           main] o.a.d.r.integration.RegistryDirectory    :  [DUBBO] Received invokers changed event from registry. Registry type: interface. Service Key: com.tongji.microservice.teamsphere.dubbo.api.ChatService. Urls Size : 1. Invokers Size : 0. Available Size: 0. Available Invokers : empty, dubbo version: 3.2.9, current host: 192.168.220.1
2024-06-01T01:46:11.310+08:00  INFO 34916 --- [           main] com.alibaba.nacos.client.naming          : [SUBSCRIBE-SERVICE] service:providers:com.tongji.microservice.teamsphere.dubbo.api.ChatService::, group:DEFAULT_GROUP, clusters: 
2024-06-01T01:46:11.310+08:00  INFO 34916 --- [           main] com.alibaba.nacos.client.naming          : [SUBSCRIBE-SERVICE] service:providers:com.tongji.microservice.teamsphere.dubbo.api.ChatService, group:DEFAULT_GROUP, clusters: 
2024-06-01T01:46:11.310+08:00  INFO 34916 --- [           main] c.a.n.client.config.impl.ClientWorker    : [fixed-127.0.0.1_8848] [subscribe] com.tongji.microservice.teamsphere.dubbo.api.ChatService::.configurators+dubbo
2024-06-01T01:46:11.310+08:00  INFO 34916 --- [           main] c.a.nacos.client.config.impl.CacheData   : [fixed-127.0.0.1_8848] [add-listener] ok, tenant=, dataId=com.tongji.microservice.teamsphere.dubbo.api.ChatService::.configurators, group=dubbo, cnt=1
2024-06-01T01:46:11.314+08:00  INFO 34916 --- [or-127.0.0.1-13] com.alibaba.nacos.common.remote.client   : [95c1e560-f679-45e2-a421-e508829f7b5d] Receive server push request, request = NotifySubscriberRequest, requestId = 39
2024-06-01T01:46:11.314+08:00  INFO 34916 --- [or-127.0.0.1-13] com.alibaba.nacos.common.remote.client   : [95c1e560-f679-45e2-a421-e508829f7b5d] Ack server push request, request = NotifySubscriberRequest, requestId = 39
2024-06-01T01:46:11.315+08:00  INFO 34916 --- [or-127.0.0.1-18] com.alibaba.nacos.common.remote.client   : [95c1e560-f679-45e2-a421-e508829f7b5d] Receive server push request, request = NotifySubscriberRequest, requestId = 40
2024-06-01T01:46:11.316+08:00  INFO 34916 --- [or-127.0.0.1-18] com.alibaba.nacos.common.remote.client   : [95c1e560-f679-45e2-a421-e508829f7b5d] Ack server push request, request = NotifySubscriberRequest, requestId = 40
2024-06-01T01:46:11.530+08:00  INFO 34916 --- [           main] o.a.d.r.client.ServiceDiscoveryRegistry  :  [DUBBO] Trying to subscribe from apps chat-service for service key com.tongji.microservice.teamsphere.dubbo.api.ChatService, , dubbo version: 3.2.9, current host: 192.168.220.1
2024-06-01T01:46:11.531+08:00  INFO 34916 --- [           main] com.alibaba.nacos.client.naming          : [SUBSCRIBE-SERVICE] service:chat-service, group:DEFAULT_GROUP, clusters: 
2024-06-01T01:46:11.535+08:00  INFO 34916 --- [eduler-thread-3] c.a.n.client.config.impl.ClientWorker    : [fixed-127.0.0.1_8848] [subscribe] com.tongji.microservice.teamsphere.dubbo.api.ChatService+mapping
2024-06-01T01:46:11.535+08:00  INFO 34916 --- [eduler-thread-3] c.a.nacos.client.config.impl.CacheData   : [fixed-127.0.0.1_8848] [add-listener] ok, tenant=, dataId=com.tongji.microservice.teamsphere.dubbo.api.ChatService, group=mapping, cnt=1
2024-06-01T01:46:11.541+08:00  INFO 34916 --- [           main] com.alibaba.nacos.client.naming          : init new ips(0) service: DEFAULT_GROUP@@chat-service -> []
2024-06-01T01:46:11.542+08:00  INFO 34916 --- [           main] com.alibaba.nacos.client.naming          : current ips:(0) service: DEFAULT_GROUP@@chat-service -> []
2024-06-01T01:46:11.545+08:00  INFO 34916 --- [           main] com.alibaba.nacos.client.naming          : [SUBSCRIBE-SERVICE] service:chat-service, group:DEFAULT_GROUP, clusters: 
2024-06-01T01:46:11.547+08:00  INFO 34916 --- [           main] .r.c.m.DefaultMigrationAddressComparator :  [DUBBO] No instance address available, stop compare., dubbo version: 3.2.9, current host: 192.168.220.1
2024-06-01T01:46:11.549+08:00  INFO 34916 --- [           main] o.a.d.r.c.m.MigrationRuleHandler         :  [DUBBO] Succeed Migrated to APPLICATION_FIRST mode. Service Name: com.tongji.microservice.teamsphere.dubbo.api.ChatService, dubbo version: 3.2.9, current host: 192.168.220.1
2024-06-01T01:46:11.549+08:00  INFO 34916 --- [           main] o.apache.dubbo.config.ReferenceConfig    :  [DUBBO] Referred dubbo service: [com.tongji.microservice.teamsphere.dubbo.api.ChatService]. it's not GenericService reference, dubbo version: 3.2.9, current host: 192.168.220.1
2024-06-01T01:46:11.550+08:00  INFO 34916 --- [Report-thread-1] o.a.d.m.store.nacos.NacosMetadataReport  :  [DUBBO] store consumer metadata. Identifier : MetadataIdentifier{application='gateway-service', serviceInterface='com.tongji.microservice.teamsphere.dubbo.api.ChatService', version='', group='', side='consumer'}; definition: {side=consumer, pid=34916, release=3.2.9, dubbo=2.0.2, application=gateway-service, interface=com.tongji.microservice.teamsphere.dubbo.api.ChatService, executor-management-mode=isolation, file-cache=true, register.ip=192.168.220.1, methods=createGroup,getGroupMember,getGroups,getPort,getRecentChat, logger=slf4j, qos.port=22223, check=false, unloadClusterRelated=false, revision=0.0.1-SNAPSHOT, background=false, sticky=false, timestamp=1717177571285}, dubbo version: 3.2.9, current host: 192.168.220.1
2024-06-01T01:46:11.551+08:00  INFO 34916 --- [eduler-thread-3] DiscoveryRegistry$DefaultMappingListener :  [DUBBO] Received mapping notification from meta server, {serviceKey: com.tongji.microservice.teamsphere.dubbo.api.ChatService, apps: [chat-service]}, dubbo version: 3.2.9, current host: 192.168.220.1
2024-06-01T01:46:11.561+08:00  INFO 34916 --- [           main] o.a.dubbo.registry.nacos.NacosRegistry   :  [DUBBO] Please set 'dubbo.registry.parameters.register-consumer-url=true' to turn on consumer url registration., dubbo version: 3.2.9, current host: 192.168.220.1
2024-06-01T01:46:11.562+08:00  INFO 34916 --- [           main] c.a.n.client.config.impl.ClientWorker    : [fixed-127.0.0.1_8848] [subscribe] com.tongji.microservice.teamsphere.dubbo.api.FileService::.condition-router+dubbo
2024-06-01T01:46:11.562+08:00  INFO 34916 --- [           main] c.a.nacos.client.config.impl.CacheData   : [fixed-127.0.0.1_8848] [add-listener] ok, tenant=, dataId=com.tongji.microservice.teamsphere.dubbo.api.FileService::.condition-router, group=dubbo, cnt=1
2024-06-01T01:46:11.569+08:00  INFO 34916 --- [           main] o.a.dubbo.registry.nacos.NacosRegistry   :  [DUBBO] Subscribe: consumer://192.168.220.1/com.tongji.microservice.teamsphere.dubbo.api.FileService?application=gateway-service&background=false&category=providers,configurators,routers&check=false&dubbo=2.0.2&executor-management-mode=isolation&file-cache=true&interface=com.tongji.microservice.teamsphere.dubbo.api.FileService&logger=slf4j&methods=delete,deleteStar,getFileByProject,getFileByStar,getFileByURL,isStarred,putStar,upload&pid=34916&qos.port=22223&release=3.2.9&revision=0.0.1-SNAPSHOT&side=consumer&sticky=false&timestamp=1717177571553&unloadClusterRelated=false, dubbo version: 3.2.9, current host: 192.168.220.1
2024-06-01T01:46:11.569+08:00  INFO 34916 --- [           main] com.alibaba.nacos.client.naming          : [SUBSCRIBE-SERVICE] service:providers:com.tongji.microservice.teamsphere.dubbo.api.FileService::, group:DEFAULT_GROUP, clusters: 
2024-06-01T01:46:11.571+08:00  INFO 34916 --- [           main] com.alibaba.nacos.client.naming          : init new ips(0) service: DEFAULT_GROUP@@providers:com.tongji.microservice.teamsphere.dubbo.api.FileService:: -> []
2024-06-01T01:46:11.571+08:00  INFO 34916 --- [           main] com.alibaba.nacos.client.naming          : current ips:(0) service: DEFAULT_GROUP@@providers:com.tongji.microservice.teamsphere.dubbo.api.FileService:: -> []
2024-06-01T01:46:11.572+08:00  WARN 34916 --- [           main] o.a.dubbo.registry.nacos.NacosRegistry   :  [DUBBO] Received empty url address list and empty protection is disabled, will clear current available addresses, dubbo version: 3.2.9, current host: 192.168.220.1, error code: 1-37. This may be caused by , go to https://dubbo.apache.org/faq/1/37 to find instructions. 
2024-06-01T01:46:11.572+08:00  INFO 34916 --- [           main] o.a.dubbo.registry.nacos.NacosRegistry   :  [DUBBO] Notify urls for subscribe url consumer://192.168.220.1/com.tongji.microservice.teamsphere.dubbo.api.FileService?application=gateway-service&background=false&category=providers,configurators,routers&check=false&dubbo=2.0.2&executor-management-mode=isolation&file-cache=true&interface=com.tongji.microservice.teamsphere.dubbo.api.FileService&logger=slf4j&methods=delete,deleteStar,getFileByProject,getFileByStar,getFileByURL,isStarred,putStar,upload&pid=34916&qos.port=22223&release=3.2.9&revision=0.0.1-SNAPSHOT&side=consumer&sticky=false&timestamp=1717177571553&unloadClusterRelated=false, url size: 1, dubbo version: 3.2.9, current host: 192.168.220.1
2024-06-01T01:46:11.572+08:00  INFO 34916 --- [           main] o.a.d.r.integration.RegistryDirectory    :  [DUBBO] Received invokers changed event from registry. Registry type: interface. Service Key: com.tongji.microservice.teamsphere.dubbo.api.FileService. Urls Size : 1. Invokers Size : 0. Available Size: 0. Available Invokers : empty, dubbo version: 3.2.9, current host: 192.168.220.1
2024-06-01T01:46:11.572+08:00  INFO 34916 --- [           main] com.alibaba.nacos.client.naming          : [SUBSCRIBE-SERVICE] service:providers:com.tongji.microservice.teamsphere.dubbo.api.FileService, group:DEFAULT_GROUP, clusters: 
2024-06-01T01:46:11.574+08:00  INFO 34916 --- [           main] com.alibaba.nacos.client.naming          : init new ips(0) service: DEFAULT_GROUP@@providers:com.tongji.microservice.teamsphere.dubbo.api.FileService -> []
2024-06-01T01:46:11.574+08:00  INFO 34916 --- [           main] com.alibaba.nacos.client.naming          : current ips:(0) service: DEFAULT_GROUP@@providers:com.tongji.microservice.teamsphere.dubbo.api.FileService -> []
2024-06-01T01:46:11.576+08:00  WARN 34916 --- [           main] o.a.dubbo.registry.nacos.NacosRegistry   :  [DUBBO] Received empty url address list and empty protection is disabled, will clear current available addresses, dubbo version: 3.2.9, current host: 192.168.220.1, error code: 1-37. This may be caused by , go to https://dubbo.apache.org/faq/1/37 to find instructions. 
2024-06-01T01:46:11.576+08:00  INFO 34916 --- [           main] o.a.dubbo.registry.nacos.NacosRegistry   :  [DUBBO] Notify urls for subscribe url consumer://192.168.220.1/com.tongji.microservice.teamsphere.dubbo.api.FileService?application=gateway-service&background=false&category=providers,configurators,routers&check=false&dubbo=2.0.2&executor-management-mode=isolation&file-cache=true&interface=com.tongji.microservice.teamsphere.dubbo.api.FileService&logger=slf4j&methods=delete,deleteStar,getFileByProject,getFileByStar,getFileByURL,isStarred,putStar,upload&pid=34916&qos.port=22223&release=3.2.9&revision=0.0.1-SNAPSHOT&side=consumer&sticky=false&timestamp=1717177571553&unloadClusterRelated=false, url size: 1, dubbo version: 3.2.9, current host: 192.168.220.1
2024-06-01T01:46:11.576+08:00  INFO 34916 --- [           main] o.a.d.r.integration.RegistryDirectory    :  [DUBBO] Received invokers changed event from registry. Registry type: interface. Service Key: com.tongji.microservice.teamsphere.dubbo.api.FileService. Urls Size : 1. Invokers Size : 0. Available Size: 0. Available Invokers : empty, dubbo version: 3.2.9, current host: 192.168.220.1
2024-06-01T01:46:11.576+08:00  INFO 34916 --- [           main] com.alibaba.nacos.client.naming          : [SUBSCRIBE-SERVICE] service:providers:com.tongji.microservice.teamsphere.dubbo.api.FileService::, group:DEFAULT_GROUP, clusters: 
2024-06-01T01:46:11.576+08:00  INFO 34916 --- [           main] com.alibaba.nacos.client.naming          : [SUBSCRIBE-SERVICE] service:providers:com.tongji.microservice.teamsphere.dubbo.api.FileService, group:DEFAULT_GROUP, clusters: 
2024-06-01T01:46:11.576+08:00  INFO 34916 --- [           main] c.a.n.client.config.impl.ClientWorker    : [fixed-127.0.0.1_8848] [subscribe] com.tongji.microservice.teamsphere.dubbo.api.FileService::.configurators+dubbo
2024-06-01T01:46:11.576+08:00  INFO 34916 --- [           main] c.a.nacos.client.config.impl.CacheData   : [fixed-127.0.0.1_8848] [add-listener] ok, tenant=, dataId=com.tongji.microservice.teamsphere.dubbo.api.FileService::.configurators, group=dubbo, cnt=1
2024-06-01T01:46:11.627+08:00  INFO 34916 --- [or-127.0.0.1-22] com.alibaba.nacos.common.remote.client   : [95c1e560-f679-45e2-a421-e508829f7b5d] Receive server push request, request = NotifySubscriberRequest, requestId = 41
2024-06-01T01:46:11.627+08:00  INFO 34916 --- [or-127.0.0.1-11] com.alibaba.nacos.common.remote.client   : [f6e317c9-3981-4823-8fa3-4724493ddf11] Receive server push request, request = NotifySubscriberRequest, requestId = 43
2024-06-01T01:46:11.627+08:00  INFO 34916 --- [or-127.0.0.1-22] com.alibaba.nacos.common.remote.client   : [95c1e560-f679-45e2-a421-e508829f7b5d] Ack server push request, request = NotifySubscriberRequest, requestId = 41
2024-06-01T01:46:11.627+08:00  INFO 34916 --- [or-127.0.0.1-11] com.alibaba.nacos.common.remote.client   : [f6e317c9-3981-4823-8fa3-4724493ddf11] Ack server push request, request = NotifySubscriberRequest, requestId = 43
2024-06-01T01:46:11.629+08:00  INFO 34916 --- [or-127.0.0.1-23] com.alibaba.nacos.common.remote.client   : [95c1e560-f679-45e2-a421-e508829f7b5d] Receive server push request, request = NotifySubscriberRequest, requestId = 42
2024-06-01T01:46:11.630+08:00  INFO 34916 --- [or-127.0.0.1-23] com.alibaba.nacos.common.remote.client   : [95c1e560-f679-45e2-a421-e508829f7b5d] Ack server push request, request = NotifySubscriberRequest, requestId = 42
2024-06-01T01:46:11.789+08:00  INFO 34916 --- [           main] o.a.d.r.client.ServiceDiscoveryRegistry  :  [DUBBO] Trying to subscribe from apps file-service for service key com.tongji.microservice.teamsphere.dubbo.api.FileService, , dubbo version: 3.2.9, current host: 192.168.220.1
2024-06-01T01:46:11.789+08:00  INFO 34916 --- [           main] com.alibaba.nacos.client.naming          : [SUBSCRIBE-SERVICE] service:file-service, group:DEFAULT_GROUP, clusters: 
2024-06-01T01:46:11.792+08:00  INFO 34916 --- [eduler-thread-4] c.a.n.client.config.impl.ClientWorker    : [fixed-127.0.0.1_8848] [subscribe] com.tongji.microservice.teamsphere.dubbo.api.FileService+mapping
[...]
2024-06-01T01:46:12.301+08:00  INFO 34916 --- [           main] c.a.n.client.config.impl.ClientWorker    : [fixed-127.0.0.1_8848] [subscribe] com.tongji.microservice.teamsphere.dubbo.api.UserService::.condition-router+dubbo
2024-06-01T01:46:12.301+08:00  INFO 34916 --- [           main] c.a.nacos.client.config.impl.CacheData   : [fixed-127.0.0.1_8848] [add-listener] ok, tenant=, dataId=com.tongji.microservice.teamsphere.dubbo.api.UserService::.condition-router, group=dubbo, cnt=1
2024-06-01T01:46:12.307+08:00  INFO 34916 --- [           main] o.a.dubbo.registry.nacos.NacosRegistry   :  [DUBBO] Subscribe: consumer://192.168.220.1/com.tongji.microservice.teamsphere.dubbo.api.UserService?application=gateway-service&background=false&category=providers,configurators,routers&check=false&dubbo=2.0.2&executor-management-mode=isolation&file-cache=true&interface=com.tongji.microservice.teamsphere.dubbo.api.UserService&logger=slf4j&methods=authorize,checkID,deleteUser,getUserInfo,getUserInfoByEmail,register,updateUserInfo&pid=34916&qos.port=22223&release=3.2.9&revision=0.0.1-SNAPSHOT&side=consumer&sticky=false&timestamp=1717177572297&unloadClusterRelated=false, dubbo version: 3.2.9, current host: 192.168.220.1
2024-06-01T01:46:12.307+08:00  INFO 34916 --- [           main] com.alibaba.nacos.client.naming          : [SUBSCRIBE-SERVICE] service:providers:com.tongji.microservice.teamsphere.dubbo.api.UserService::, group:DEFAULT_GROUP, clusters: 
2024-06-01T01:46:12.308+08:00  INFO 34916 --- [           main] com.alibaba.nacos.client.naming          : init new ips(0) service: DEFAULT_GROUP@@providers:com.tongji.microservice.teamsphere.dubbo.api.UserService:: -> []
2024-06-01T01:46:12.308+08:00  INFO 34916 --- [           main] com.alibaba.nacos.client.naming          : current ips:(0) service: DEFAULT_GROUP@@providers:com.tongji.microservice.teamsphere.dubbo.api.UserService:: -> []
2024-06-01T01:46:12.309+08:00  WARN 34916 --- [           main] o.a.dubbo.registry.nacos.NacosRegistry   :  [DUBBO] Received empty url address list and empty protection is disabled, will clear current available addresses, dubbo version: 3.2.9, current host: 192.168.220.1, error code: 1-37. This may be caused by , go to https://dubbo.apache.org/faq/1/37 to find instructions. 
2024-06-01T01:46:12.309+08:00  INFO 34916 --- [           main] o.a.dubbo.registry.nacos.NacosRegistry   :  [DUBBO] Notify urls for subscribe url consumer://192.168.220.1/com.tongji.microservice.teamsphere.dubbo.api.UserService?application=gateway-service&background=false&category=providers,configurators,routers&check=false&dubbo=2.0.2&executor-management-mode=isolation&file-cache=true&interface=com.tongji.microservice.teamsphere.dubbo.api.UserService&logger=slf4j&methods=authorize,checkID,deleteUser,getUserInfo,getUserInfoByEmail,register,updateUserInfo&pid=34916&qos.port=22223&release=3.2.9&revision=0.0.1-SNAPSHOT&side=consumer&sticky=false&timestamp=1717177572297&unloadClusterRelated=false, url size: 1, dubbo version: 3.2.9, current host: 192.168.220.1
2024-06-01T01:46:12.309+08:00  INFO 34916 --- [           main] o.a.d.r.integration.RegistryDirectory    :  [DUBBO] Received invokers changed event from registry. Registry type: interface. Service Key: com.tongji.microservice.teamsphere.dubbo.api.UserService. Urls Size : 1. Invokers Size : 0. Available Size: 0. Available Invokers : empty, dubbo version: 3.2.9, current host: 192.168.220.1
2024-06-01T01:46:12.310+08:00  INFO 34916 --- [           main] com.alibaba.nacos.client.naming          : [SUBSCRIBE-SERVICE] service:providers:com.tongji.microservice.teamsphere.dubbo.api.UserService, group:DEFAULT_GROUP, clusters: 
2024-06-01T01:46:12.311+08:00  INFO 34916 --- [           main] com.alibaba.nacos.client.naming          : init new ips(0) service: DEFAULT_GROUP@@providers:com.tongji.microservice.teamsphere.dubbo.api.UserService -> []
2024-06-01T01:46:12.311+08:00  INFO 34916 --- [           main] com.alibaba.nacos.client.naming          : current ips:(0) service: DEFAULT_GROUP@@providers:com.tongji.microservice.teamsphere.dubbo.api.UserService -> []
2024-06-01T01:46:12.311+08:00  WARN 34916 --- [           main] o.a.dubbo.registry.nacos.NacosRegistry   :  [DUBBO] Received empty url address list and empty protection is disabled, will clear current available addresses, dubbo version: 3.2.9, current host: 192.168.220.1, error code: 1-37. This may be caused by , go to https://dubbo.apache.org/faq/1/37 to find instructions. 
2024-06-01T01:46:12.311+08:00  INFO 34916 --- [           main] o.a.dubbo.registry.nacos.NacosRegistry   :  [DUBBO] Notify urls for subscribe url consumer://192.168.220.1/com.tongji.microservice.teamsphere.dubbo.api.UserService?application=gateway-service&background=false&category=providers,configurators,routers&check=false&dubbo=2.0.2&executor-management-mode=isolation&file-cache=true&interface=com.tongji.microservice.teamsphere.dubbo.api.UserService&logger=slf4j&methods=authorize,checkID,deleteUser,getUserInfo,getUserInfoByEmail,register,updateUserInfo&pid=34916&qos.port=22223&release=3.2.9&revision=0.0.1-SNAPSHOT&side=consumer&sticky=false&timestamp=1717177572297&unloadClusterRelated=false, url size: 1, dubbo version: 3.2.9, current host: 192.168.220.1
2024-06-01T01:46:12.311+08:00  INFO 34916 --- [           main] o.a.d.r.integration.RegistryDirectory    :  [DUBBO] Received invokers changed event from registry. Registry type: interface. Service Key: com.tongji.microservice.teamsphere.dubbo.api.UserService. Urls Size : 1. Invokers Size : 0. Available Size: 0. Available Invokers : empty, dubbo version: 3.2.9, current host: 192.168.220.1
2024-06-01T01:46:12.312+08:00  INFO 34916 --- [           main] com.alibaba.nacos.client.naming          : [SUBSCRIBE-SERVICE] service:providers:com.tongji.microservice.teamsphere.dubbo.api.UserService::, group:DEFAULT_GROUP, clusters: 
2024-06-01T01:46:12.312+08:00  INFO 34916 --- [           main] com.alibaba.nacos.client.naming          : [SUBSCRIBE-SERVICE] service:providers:com.tongji.microservice.teamsphere.dubbo.api.UserService, group:DEFAULT_GROUP, clusters: 
2024-06-01T01:46:12.312+08:00  INFO 34916 --- [           main] c.a.n.client.config.impl.ClientWorker    : [fixed-127.0.0.1_8848] [subscribe] com.tongji.microservice.teamsphere.dubbo.api.UserService::.configurators+dubbo
2024-06-01T01:46:12.312+08:00  INFO 34916 --- [           main] c.a.nacos.client.config.impl.CacheData   : [fixed-127.0.0.1_8848] [add-listener] ok, tenant=, dataId=com.tongji.microservice.teamsphere.dubbo.api.UserService::.configurators, group=dubbo, cnt=1
2024-06-01T01:46:12.377+08:00  INFO 34916 --- [or-127.0.0.1-17] com.alibaba.nacos.common.remote.client   : [f6e317c9-3981-4823-8fa3-4724493ddf11] Receive server push request, request = NotifySubscriberRequest, requestId = 50
2024-06-01T01:46:12.377+08:00  INFO 34916 --- [or-127.0.0.1-17] com.alibaba.nacos.common.remote.client   : [f6e317c9-3981-4823-8fa3-4724493ddf11] Ack server push request, request = NotifySubscriberRequest, requestId = 50
2024-06-01T01:46:12.377+08:00  INFO 34916 --- [or-127.0.0.1-34] com.alibaba.nacos.common.remote.client   : [95c1e560-f679-45e2-a421-e508829f7b5d] Receive server push request, request = NotifySubscriberRequest, requestId = 51
2024-06-01T01:46:12.377+08:00  INFO 34916 --- [or-127.0.0.1-34] com.alibaba.nacos.common.remote.client   : [95c1e560-f679-45e2-a421-e508829f7b5d] Ack server push request, request = NotifySubscriberRequest, requestId = 51
2024-06-01T01:46:12.379+08:00  INFO 34916 --- [or-127.0.0.1-35] com.alibaba.nacos.common.remote.client   : [95c1e560-f679-45e2-a421-e508829f7b5d] Receive server push request, request = NotifySubscriberRequest, requestId = 52
2024-06-01T01:46:12.379+08:00  INFO 34916 --- [or-127.0.0.1-35] com.alibaba.nacos.common.remote.client   : [95c1e560-f679-45e2-a421-e508829f7b5d] Ack server push request, request = NotifySubscriberRequest, requestId = 52
2024-06-01T01:46:12.519+08:00  INFO 34916 --- [           main] o.a.d.r.client.ServiceDiscoveryRegistry  :  [DUBBO] Trying to subscribe from apps user-service for service key com.tongji.microservice.teamsphere.dubbo.api.UserService, , dubbo version: 3.2.9, current host: 192.168.220.1
2024-06-01T01:46:12.519+08:00  INFO 34916 --- [           main] com.alibaba.nacos.client.naming          : [SUBSCRIBE-SERVICE] service:user-service, group:DEFAULT_GROUP, clusters: 
2024-06-01T01:46:12.520+08:00  INFO 34916 --- [eduler-thread-7] c.a.n.client.config.impl.ClientWorker    : [fixed-127.0.0.1_8848] [subscribe] com.tongji.microservice.teamsphere.dubbo.api.UserService+mapping
2024-06-01T01:46:12.520+08:00  INFO 34916 --- [eduler-thread-7] c.a.nacos.client.config.impl.CacheData   : [fixed-127.0.0.1_8848] [add-listener] ok, tenant=, dataId=com.tongji.microservice.teamsphere.dubbo.api.UserService, group=mapping, cnt=1
2024-06-01T01:46:12.525+08:00  INFO 34916 --- [           main] com.alibaba.nacos.client.naming          : init new ips(0) service: DEFAULT_GROUP@@user-service -> []
2024-06-01T01:46:12.525+08:00  INFO 34916 --- [           main] com.alibaba.nacos.client.naming          : current ips:(0) service: DEFAULT_GROUP@@user-service -> []
2024-06-01T01:46:12.527+08:00  INFO 34916 --- [eduler-thread-7] DiscoveryRegistry$DefaultMappingListener :  [DUBBO] Received mapping notification from meta server, {serviceKey: com.tongji.microservice.teamsphere.dubbo.api.UserService, apps: [user-service]}, dubbo version: 3.2.9, current host: 192.168.220.1
2024-06-01T01:46:12.527+08:00  INFO 34916 --- [           main] com.alibaba.nacos.client.naming          : [SUBSCRIBE-SERVICE] service:user-service, group:DEFAULT_GROUP, clusters: 
2024-06-01T01:46:12.527+08:00  INFO 34916 --- [           main] .r.c.m.DefaultMigrationAddressComparator :  [DUBBO] No instance address available, stop compare., dubbo version: 3.2.9, current host: 192.168.220.1
2024-06-01T01:46:12.527+08:00  INFO 34916 --- [           main] o.a.d.r.c.m.MigrationRuleHandler         :  [DUBBO] Succeed Migrated to APPLICATION_FIRST mode. Service Name: com.tongji.microservice.teamsphere.dubbo.api.UserService, dubbo version: 3.2.9, current host: 192.168.220.1
2024-06-01T01:46:12.527+08:00  INFO 34916 --- [           main] o.apache.dubbo.config.ReferenceConfig    :  [DUBBO] Referred dubbo service: [com.tongji.microservice.teamsphere.dubbo.api.UserService]. it's not GenericService reference, dubbo version: 3.2.9, current host: 192.168.220.1
2024-06-01T01:46:12.528+08:00  INFO 34916 --- [Report-thread-1] o.a.d.m.store.nacos.NacosMetadataReport  :  [DUBBO] store consumer metadata. Identifier : MetadataIdentifier{application='gateway-service', serviceInterface='com.tongji.microservice.teamsphere.dubbo.api.UserService', version='', group='', side='consumer'}; definition: {side=consumer, pid=34916, release=3.2.9, dubbo=2.0.2, application=gateway-service, interface=com.tongji.microservice.teamsphere.dubbo.api.UserService, executor-management-mode=isolation, file-cache=true, register.ip=192.168.220.1, methods=authorize,checkID,deleteUser,getUserInfo,getUserInfoByEmail,register,updateUserInfo, logger=slf4j, qos.port=22223, check=false, unloadClusterRelated=false, revision=0.0.1-SNAPSHOT, background=false, sticky=false, timestamp=1717177572297}, dubbo version: 3.2.9, current host: 192.168.220.1
2024-06-01T01:46:12.528+08:00  INFO 34916 --- [           main] o.a.d.c.deploy.DefaultModuleDeployer     :  [DUBBO] Dubbo Module[1.1.1] has started., dubbo version: 3.2.9, current host: 192.168.220.1
2024-06-01T01:46:12.529+08:00  INFO 34916 --- [           main] o.a.d.c.d.DefaultMetricsServiceExporter  :  [DUBBO] The MetricsConfig not exist, will not export metrics service., dubbo version: 3.2.9, current host: 192.168.220.1
2024-06-01T01:46:12.535+08:00  INFO 34916 --- [           main] o.a.d.c.b.b.InternalServiceConfigBuilder :  [DUBBO] org.apache.dubbo.metadata.MetadataServiceService Port hasn't been set will use default protocol defined in protocols., dubbo version: 3.2.9, current host: 192.168.220.1
2024-06-01T01:46:12.538+08:00  INFO 34916 --- [           main] o.a.d.c.b.b.InternalServiceConfigBuilder :  [DUBBO] Using dubbo protocol to export org.apache.dubbo.metadata.MetadataService service on port 20885, dubbo version: 3.2.9, current host: 192.168.220.1
2024-06-01T01:46:12.595+08:00  INFO 34916 --- [or-127.0.0.1-36] com.alibaba.nacos.common.remote.client   : [95c1e560-f679-45e2-a421-e508829f7b5d] Receive server push request, request = NotifySubscriberRequest, requestId = 54
2024-06-01T01:46:12.596+08:00  INFO 34916 --- [or-127.0.0.1-36] com.alibaba.nacos.common.remote.client   : [95c1e560-f679-45e2-a421-e508829f7b5d] Ack server push request, request = NotifySubscriberRequest, requestId = 54
2024-06-01T01:46:12.600+08:00  INFO 34916 --- [or-127.0.0.1-37] com.alibaba.nacos.common.remote.client   : [95c1e560-f679-45e2-a421-e508829f7b5d] Receive server push request, request = NotifySubscriberRequest, requestId = 55
2024-06-01T01:46:12.600+08:00  INFO 34916 --- [or-127.0.0.1-19] com.alibaba.nacos.common.remote.client   : [f6e317c9-3981-4823-8fa3-4724493ddf11] Receive server push request, request = NotifySubscriberRequest, requestId = 53
2024-06-01T01:46:12.600+08:00  INFO 34916 --- [or-127.0.0.1-19] com.alibaba.nacos.common.remote.client   : [f6e317c9-3981-4823-8fa3-4724493ddf11] Ack server push request, request = NotifySubscriberRequest, requestId = 53
2024-06-01T01:46:12.600+08:00  INFO 34916 --- [or-127.0.0.1-37] com.alibaba.nacos.common.remote.client   : [95c1e560-f679-45e2-a421-e508829f7b5d] Ack server push request, request = NotifySubscriberRequest, requestId = 55
2024-06-01T01:46:12.812+08:00  INFO 34916 --- [or-127.0.0.1-38] com.alibaba.nacos.common.remote.client   : [95c1e560-f679-45e2-a421-e508829f7b5d] Receive server push request, request = NotifySubscriberRequest, requestId = 57
2024-06-01T01:46:12.812+08:00  INFO 34916 --- [or-127.0.0.1-38] com.alibaba.nacos.common.remote.client   : [95c1e560-f679-45e2-a421-e508829f7b5d] Ack server push request, request = NotifySubscriberRequest, requestId = 57
2024-06-01T01:46:12.812+08:00  INFO 34916 --- [or-127.0.0.1-20] com.alibaba.nacos.common.remote.client   : [f6e317c9-3981-4823-8fa3-4724493ddf11] Receive server push request, request = NotifySubscriberRequest, requestId = 56
2024-06-01T01:46:12.812+08:00  INFO 34916 --- [or-127.0.0.1-20] com.alibaba.nacos.common.remote.client   : [f6e317c9-3981-4823-8fa3-4724493ddf11] Ack server push request, request = NotifySubscriberRequest, requestId = 56
2024-06-01T01:46:12.814+08:00  INFO 34916 --- [or-127.0.0.1-39] com.alibaba.nacos.common.remote.client   : [95c1e560-f679-45e2-a421-e508829f7b5d] Receive server push request, request = NotifySubscriberRequest, requestId = 58
2024-06-01T01:46:12.814+08:00  INFO 34916 --- [or-127.0.0.1-39] com.alibaba.nacos.common.remote.client   : [95c1e560-f679-45e2-a421-e508829f7b5d] Ack server push request, request = NotifySubscriberRequest, requestId = 58
2024-06-01T01:46:12.864+08:00  INFO 34916 --- [           main] org.apache.dubbo.config.ServiceConfig    :  [DUBBO] Export dubbo service org.apache.dubbo.metadata.MetadataService to local registry url : injvm://127.0.0.1/org.apache.dubbo.metadata.MetadataService?anyhost=true&application=gateway-service&background=false&bind.ip=192.168.220.1&bind.port=20885&delay=0&deprecated=false&dubbo=2.0.2&dynamic=true&executor-management-mode=isolation&exporter.listener=injvm&file-cache=true&generic=false&getAndListenInstanceMetadata.1.callback=true&getAndListenInstanceMetadata.return=true&getAndListenInstanceMetadata.sent=true&group=gateway-service&interface=org.apache.dubbo.metadata.MetadataService&logger=slf4j&methods=exportInstanceMetadata,getAndListenInstanceMetadata,getExportedServiceURLs,getExportedURLs,getInstanceMetadataChangedListenerMap,getMetadataInfo,getMetadataInfos,getMetadataURL,getServiceDefinition,getSubscribedURLs,isMetadataService,serviceName,toSortedStrings,version&pid=34916&prefer.serialization=fastjson2,hessian2&qos.port=22223&register=false&release=3.2.9&revision=3.2.9&service.filter=-default&side=provider&timeout=5000&timestamp=1717177572564&version=1.0.0, dubbo version: 3.2.9, current host: 192.168.220.1
2024-06-01T01:46:12.864+08:00  INFO 34916 --- [           main] org.apache.dubbo.config.ServiceConfig    :  [DUBBO] Export dubbo service org.apache.dubbo.metadata.MetadataService to url dubbo://192.168.220.1:20885/org.apache.dubbo.metadata.MetadataService?anyhost=true&application=gateway-service&background=false&bind.ip=192.168.220.1&bind.port=20885&delay=0&deprecated=false&dubbo=2.0.2&dynamic=true&executor-management-mode=isolation&file-cache=true&generic=false&getAndListenInstanceMetadata.1.callback=true&getAndListenInstanceMetadata.return=true&getAndListenInstanceMetadata.sent=true&group=gateway-service&interface=org.apache.dubbo.metadata.MetadataService&logger=slf4j&methods=exportInstanceMetadata,getAndListenInstanceMetadata,getExportedServiceURLs,getExportedURLs,getInstanceMetadataChangedListenerMap,getMetadataInfo,getMetadataInfos,getMetadataURL,getServiceDefinition,getSubscribedURLs,isMetadataService,serviceName,toSortedStrings,version&pid=34916&prefer.serialization=fastjson2,hessian2&qos.port=22223&register=false&release=3.2.9&revision=3.2.9&service.filter=-default&side=provider&timeout=5000&timestamp=1717177572564&version=1.0.0, dubbo version: 3.2.9, current host: 192.168.220.1
2024-06-01T01:46:12.936+08:00  INFO 34916 --- [           main] o.a.d.remoting.transport.AbstractServer  :  [DUBBO] Start NettyServer bind /0.0.0.0:20885, export /192.168.220.1:20885, dubbo version: 3.2.9, current host: 192.168.220.1
2024-06-01T01:46:12.940+08:00  INFO 34916 --- [           main] .c.m.ConfigurableMetadataServiceExporter :  [DUBBO] The MetadataService exports urls : [dubbo://192.168.220.1:20885/org.apache.dubbo.metadata.MetadataService?anyhost=true&application=gateway-service&background=false&bind.ip=192.168.220.1&bind.port=20885&delay=0&deprecated=false&dubbo=2.0.2&dynamic=true&executor-management-mode=isolation&file-cache=true&generic=false&getAndListenInstanceMetadata.1.callback=true&getAndListenInstanceMetadata.return=true&getAndListenInstanceMetadata.sent=true&group=gateway-service&interface=org.apache.dubbo.metadata.MetadataService&logger=slf4j&methods=exportInstanceMetadata,getAndListenInstanceMetadata,getExportedServiceURLs,getExportedURLs,getInstanceMetadataChangedListenerMap,getMetadataInfo,getMetadataInfos,getMetadataURL,getServiceDefinition,getSubscribedURLs,isMetadataService,serviceName,toSortedStrings,version&pid=34916&prefer.serialization=fastjson2,hessian2&qos.port=22223&register=false&release=3.2.9&revision=3.2.9&service.filter=-default&side=provider&timeout=5000&timestamp=1717177572564&version=1.0.0], dubbo version: 3.2.9, current host: 192.168.220.1
2024-06-01T01:46:12.941+08:00  INFO 34916 --- [           main] o.a.d.r.c.m.ServiceInstanceMetadataUtils :  [DUBBO] Start registering instance address to registry., dubbo version: 3.2.9, current host: 192.168.220.1
2024-06-01T01:46:12.946+08:00  INFO 34916 --- [           main] o.a.d.c.d.DefaultApplicationDeployer     :  [DUBBO] Dubbo Application[1.1](gateway-service) is ready., dubbo version: 3.2.9, current host: 192.168.220.1
2024-06-01T01:46:12.947+08:00  INFO 34916 --- [           main] .t.m.t.TeamsphereGatewayApplicationTests : Started TeamsphereGatewayApplicationTests in 7.405 seconds (process running for 8.231)
2024-06-01T01:46:13.030+08:00  INFO 34916 --- [or-127.0.0.1-21] com.alibaba.nacos.common.remote.client   : [f6e317c9-3981-4823-8fa3-4724493ddf11] Receive server push request, request = NotifySubscriberRequest, requestId = 59
2024-06-01T01:46:13.030+08:00  INFO 34916 --- [or-127.0.0.1-21] com.alibaba.nacos.common.remote.client   : [f6e317c9-3981-4823-8fa3-4724493ddf11] Ack server push request, request = NotifySubscriberRequest, requestId = 59
]]></system-out>
  </testcase>
</testsuite>