<?xml version="1.0" encoding="UTF-8"?>
<testsuite xmlns:xsi="http://www.w3.org/2001/XMLSchema-instance" xsi:noNamespaceSchemaLocation="https://maven.apache.org/surefire/maven-surefire-plugin/xsd/surefire-test-report-3.0.xsd" version="3.0" name="com.tongji.microservice.teamsphere.userservice.impl.UserServiceImplTest" time="6.704" tests="14" errors="0" skipped="0" failures="0">
  <properties>
[...]
</properties>
  <testcase name="register_dbAccessFail" classname="com.tongji.microservice.teamsphere.userservice.impl.UserServiceImplTest" time="6.413">
    <system-out><![CDATA[2024-06-13T16:20:07.387+08:00  INFO 38812 --- [s.client.Worker] c.a.n.c.a.r.identify.CredentialWatcher   : null No credential found
username:username]]></system-out>
  </testcase>
  <testcase name="deleteUser_success" classname="com.tongji.microservice.teamsphere.userservice.impl.UserServiceImplTest" time="0.021"/>
  <testcase name="checkID_invalidUsername" classname="com.tongji.microservice.teamsphere.userservice.impl.UserServiceImplTest" time="0.018"/>
  <testcase name="register_usernameExists" classname="com.tongji.microservice.teamsphere.userservice.impl.UserServiceImplTest" time="0.014">
    <system-out><![CDATA[username:newUsername]]></system-out>
  </testcase>
  <testcase name="updateUserInfo_success" classname="com.tongji.microservice.teamsphere.userservice.impl.UserServiceImplTest" time="0.032"/>
  <testcase name="getUserInfo_userNotFound" classname="com.tongji.microservice.teamsphere.userservice.impl.UserServiceImplTest" time="0.015"/>
  <testcase name="checkID_success" classname="com.tongji.microservice.teamsphere.userservice.impl.UserServiceImplTest" time="0.014"/>
  <testcase name="checkID_invalidPassword" classname="com.tongji.microservice.teamsphere.userservice.impl.UserServiceImplTest" time="0.016"/>
  <testcase name="register_success" classname="com.tongji.microservice.teamsphere.userservice.impl.UserServiceImplTest" time="0.028">
    <system-out><![CDATA[username:newUsername]]></system-out>
  </testcase>
  <testcase name="getUserInfoByEmail_userNotFound" classname="com.tongji.microservice.teamsphere.userservice.impl.UserServiceImplTest" time="0.015"/>
  <testcase name="getUserInfoByEmail_success" classname="com.tongji.microservice.teamsphere.userservice.impl.UserServiceImplTest" time="0.012"/>
  <testcase name="updateUserInfo_userNotFound" classname="com.tongji.microservice.teamsphere.userservice.impl.UserServiceImplTest" time="0.015"/>
  <testcase name="deleteUser_userNotFound" classname="com.tongji.microservice.teamsphere.userservice.impl.UserServiceImplTest" time="0.007"/>
  <testcase name="getUserInfo_success" classname="com.tongji.microservice.teamsphere.userservice.impl.UserServiceImplTest" time="0.016"/>
</testsuite>